<?xml version='1.0' encoding='UTF-8'?>
<hotspot_log version='160 1' process='36928' time_ms='1739985958733'>
<vm_version>
<name>
Java HotSpot(TM) 64-Bit Server VM
</name>
<release>
21+35-LTS-2513
</release>
<info>
Java HotSpot(TM) 64-Bit Server VM (21+35-LTS-2513) for windows-amd64 JRE (21+35-LTS-2513), built on 2023-08-09T20:25:10Z by &quot;mach5one&quot; with MS VC++ 17.1 (VS2022)
</info>
</vm_version>
<vm_arguments>
<args>
-Dorg.gradle.internal.worker.tmpdir=C:\Users\loicn\Documents\IA2R 5A\ProjetProgFullStack\PROJET_MED\app\build\tmp\test\work -XX:+IgnoreUnrecognizedVMOptions -XX:+UnlockDiagnosticVMOptions -XX:+LogVMOutput -javaagent:C:\Users\loicn\Documents\IA2R 5A\ProjetProgFullStack\PROJET_MED\app\build\tmp\.cache\expanded\zip_0bd0851504e6286cb5fc6f37a81e25cc\jacocoagent.jar=destfile=build/jacoco/test.exec,append=true,inclnolocationclasses=false,dumponexit=true,output=file,jmx=false -Xmx512m -Dfile.encoding=UTF-8 -Duser.country=FR -Duser.language=fr -Duser.variant -ea </args>
<command>
worker.org.gradle.process.internal.worker.GradleWorkerMain &apos;Gradle Test Executor 3&apos;
</command>
<launcher>
SUN_STANDARD
</launcher>
<properties>
java.vm.specification.name=Java Virtual Machine Specification
java.vm.version=21+35-LTS-2513
java.vm.name=Java HotSpot(TM) 64-Bit Server VM
jdk.debug=release
sun.boot.library.path=C:\Program Files\Java\jdk-21\bin
java.library.path=C:\Program Files\Java\jdk-21\bin;C:\WINDOWS\Sun\Java\bin;C:\WINDOWS\system32;C:\WINDOWS;C:\Program Files\Common Files\Oracle\Java\javapath;C:\Program Files\dotnet;C:\Program Files\Microsoft\jdk-11.0.16.101-hotspot\bin;C:\WINDOWS\system32;C:\WINDOWS;C:\WINDOWS\System32\Wbem;C:\WINDOWS\System32\WindowsPowerShell\v1.0\;C:\WINDOWS\System32\OpenSSH\;C:\ProgramData\chocolatey\bin;C:\Program Files\MATLAB\R2022b\bin;C:\Program Files\PostgreSQL\15\bin;C:\Program Files\Liquid Technologies\Liquid Studio\XmlDataBinder20\Redist20\cpp\win32\bin;C:\Program Files\Liquid Technologies\Liquid Studio\XmlDataBinder20\Redist20\cpp\win64\bin;C:\laragon\bin\php\php-7.4.0-Win32-vc15-x64;C:\composer;C:\Program Files\Microsoft SQL Server\150\Tools\Binn\;C:\Program Files (x86)\Common Files\Acronis\SnapAPI\;C:\Program Files (x86)\Common Files\Acronis\VirtualFile\;C:\Program Files (x86)\Common Files\Acronis\VirtualFile64\;C:\Program Files (x86)\Common Files\Acronis\FileProtector\;C:\Program Files (x86)\Common Files\Acronis\FileProtector64\;C:\Program Files\apache-maven-3.9.4\bin;C:\Program Files\Java\jdk-21\bin;C:\Program Files\dotnet\;C:\Program Files\dotnet\sdk\7.0.401;C:\Program Files\dotnet\sdk\7.0.401\Sdks\Microsoft.NET.Sdk.WindowsDesktop\Sdk;C:\Program Files\dotnet\sdk\7.0.401\Sdks;C:\Program Files\Java\jdk-18.0.2.1\bin;C:\Program Files\Eclipse Adoptium\jdk-17.0.6.10-hotspot;C:\Program Files\Java\jdk-11;C:\Users\loicn\flutter_windows_3.13.8-stable\flutter\bin;C:\Program Files\Microsoft VS Code\bin;C:\tools\dart-sdk;C:\Program Files\nodejs\;C:\Users\loicn\AppData\Local\Programs\Python\Python311;C:\Users\loicn\AppData\Local\Programs\Python\Python311\Scripts;C:\Program Files\HP\HP One Agent;C:\Program Files (x86)\Windows Kits\10\Windows Performance Toolkit\;C:\Users\loicn\AppData\Roaming\npm;C:\Program Files (x86)\gettext-tools-windows-0.22.5\bin;C:\Program Files\gettext-iconv\bin;C:\Program Files\Docker\Docker\resources\bin;C:\Gradle\gradle-8.10.2\bin;C:\Program Files\Java\jdk-23\bin;C:\Program Files\heroku\bin;C:\WINDOWS\system32;C:\WINDOWS;C:\WINDOWS\System32\Wbem;C:\WINDOWS\System32\WindowsPowerShell\v1.0\;C:\WINDOWS\System32\OpenSSH\;C:\Program Files\Git\cmd;C:\laragon\bin;C:\laragon\bin\apache\httpd-2.4.54-win64-VS16\bin;C:\laragon\bin\composer;C:\laragon\bin\git\bin;C:\laragon\bin\git\cmd;C:\laragon\bin\git\mingw64\bin;C:\laragon\bin\git\usr\bin;C:\laragon\bin\laragon\utils;C:\laragon\bin\mysql\mysql-8.0.30-winx64\bin;C:\laragon\bin\nginx\nginx-1.22.0;C:\laragon\bin\ngrok;C:\laragon\bin\nodejs\node-v18;C:\laragon\bin\notepad++;C:\laragon\bin\php\php-7.4.0-Win32-vc15-x64;C:\laragon\bin\redis\redis-x64-5.0.14.1;C:\laragon\bin\telnet;C:\laragon\usr\bin;C:\Users\loicn\AppData\Local\Yarn\config\global\node_modules\.bin;C:\Users\loicn\AppData\Roaming\Composer\vendor\bin;C:\Users\loicn\AppData\Local\Microsoft\WindowsApps;C:\Users\loicn\.dotnet\tools;C:\Program Files\Java\jdk-21\bin;C:\Program Files\Java\jdk-18.0.2.1\bin;C:\Program Files\Microsoft\jdk-11.0.16.101-hotspot\bin;C:\Program Files\apache-maven-3.9.4\bin;C:\Program Files\Eclipse Adoptium\jdk-17.0.6.10-hotspot;C:\Program Files\Java\jdk-11;C:\Program Files\JetBrains\IntelliJ IDEA 2023.2.2\bin;;C:\Program Files\JetBrains\PyCharm Community Edition 2023.2.3\bin;;C:\tools\dart-sdk\bin;C:\Users\loicn\AppData\Local\Pub\Cache\bin;C:\Users\loicn\AppData\Local\Android\android-sdk;C:\Users\loicn\AppData\Local\Android\Sdk\emulator;C:\Users\loicn\AppData\Local\Android\Sdk\platform-tools;C:\Users\loicn\AppData\Roaming\npm;C:\Python27\DLLs;C:\Users\loicn\AppData\Local\pypy3;C:\Program Files (x86)\gettext-tools-windows-0.22.5\bin;C:\Users\loicn\AppData\Local\Microsoft\WindowsApps;C:\Program Files\PostgreSQL\17\bin;C:\Users\loicn\AppData\Local\Programs\Windsurf\bin;C:\Users\loicn\Downloads\helm;;.
java.home=C:\Program Files\Java\jdk-21
java.class.path=C:\Users\loicn\.gradle\caches\8.10.2\workerMain\gradle-worker.jar;C:\Users\loicn\Documents\IA2R 5A\ProjetProgFullStack\PROJET_MED\app\build\classes\java\test;C:\Users\loicn\Documents\IA2R 5A\ProjetProgFullStack\PROJET_MED\app\build\resources\test;C:\Users\loicn\Documents\IA2R 5A\ProjetProgFullStack\PROJET_MED\app\build\classes\java\main;C:\Users\loicn\Documents\IA2R 5A\ProjetProgFullStack\PROJET_MED\app\build\resources\main;C:\Users\loicn\.gradle\caches\modules-2\files-2.1\org.springframework.boot\spring-boot-starter-web\3.1.4\a0da0751207173c93f9e92e74cae430b53544576\spring-boot-starter-web-3.1.4.jar;C:\Users\loicn\.gradle\caches\modules-2\files-2.1\org.springframework.boot\spring-boot-starter-data-jpa\3.1.4\f01d5f2ecbfef3159879c4a8450b49620ffb96c\spring-boot-starter-data-jpa-3.1.4.jar;C:\Users\loicn\.gradle\caches\modules-2\files-2.1\org.springframework.boot\spring-boot-starter-actuator\3.1.4\f874308a679f0f8d38560a0ed54deef93ac4c22d\spring-boot-starter-actuator-3.1.4.jar;C:\Users\loicn\.gradle\caches\modules-2\files-2.1\org.springframework.boot\spring-boot-starter-aop\3.1.4\1842a0506c99583b5ce11525cbd3d52e719a3f8\spring-boot-starter-aop-3.1.4.jar;C:\Users\loicn\.gradle\caches\modules-2\files-2.1\io.micrometer\micrometer-registry-prometheus\1.11.4\bc5051ac55ca228596110d716f7f12e6b1768d14\micrometer-registry-prometheus-1.11.4.jar;C:\Users\loicn\.gradle\caches\modules-2\files-2.1\io.micrometer\micrometer-core\1.11.4\d06b3849b02a3743404ce17b1dd989e3a9ba7221\micrometer-core-1.11.4.jar;C:\Users\loicn\.gradle\caches\modules-2\files-2.1\com.google.guava\guava\31.1-jre\60458f877d055d0c9114d9e1a2efb737b4bc282c\guava-31.1-jre.jar;C:\Users\loicn\.gradle\caches\modules-2\files-2.1\com.h2database\h2\2.1.214\d5c2005c9e3279201e12d4776c948578b16bf8b2\h2-2.1.214.jar;C:\Users\loicn\.gradle\caches\modules-2\files-2.1\org.postgresql\postgresql\42.7.3\24f3e9f7231428cd20eb4dde00dd3fce44e05464\postgresql-42.7.3.jar;C:\Users\loicn\.gradle\caches\modules-2\files-2.1\org.springframework.boot\spring-boot-starter-test\3.1.4\1990ee664a265366b09ac723002f72697ebd0925\spring-boot-starter-test-3.1.4.jar;C:\Users\loicn\.gradle\caches\modules-2\files-2.1\org.mockito\mockito-junit-jupiter\5.10.0\897b17ca4abf7660042e2382b8144b6ac797483d\mockito-junit-jupiter-5.10.0.jar;C:\Users\loicn\.gradle\caches\modules-2\files-2.1\org.junit.platform\junit-platform-launcher\1.9.3\485650bfe2a2f39b606a6ca013285afda2eaee79\junit-platform-launcher-1.9.3.jar;C:\Users\loicn\.gradle\caches\modules-2\files-2.1\org.junit.jupiter\junit-jupiter-engine\5.9.3\355322b03bf39306a183162cd06626c206f0286b\junit-jupiter-engine-5.9.3.jar;C:\Users\loicn\.gradle\caches\modules-2\files-2.1\org.junit.platform\junit-platform-engine\1.9.3\8616734a190f8d307376aeb7353dba0a2c037a09\junit-platform-engine-1.9.3.jar;C:\Users\loicn\.gradle\caches\modules-2\files-2.1\org.junit.platform\junit-platform-commons\1.9.3\36b2e26a90c41603be7f0094bee80e3f8a2cd4d4\junit-platform-commons-1.9.3.jar;C:\Users\loicn\.gradle\caches\modules-2\files-2.1\org.junit.jupiter\junit-jupiter-params\5.9.3\9e2a4bf6016a1975f408a73523392875cff7c26f\junit-jupiter-params-5.9.3.jar;C:\Users\loicn\.gradle\caches\modules-2\files-2.1\org.junit.jupiter\junit-jupiter\5.9.3\72e840501e1550e9799c9a5cc9483d7d6b29e0ba\junit-jupiter-5.9.3.jar;C:\Users\loicn\.gradle\caches\modules-2\files-2.1\org.junit.jupiter\junit-jupiter-api\5.10.2\fb55d6e2bce173f35fd28422e7975539621055ef\junit-jupiter-api-5.10.2.jar;C:\Users\loicn\.gradle\caches\modules-2\files-2.1\org.mockito\mockito-core\5.10.0\b3812fa2ee069f1d0b41c1c0155da79d0e1dcde0\mockito-core-5.10.0.jar;C:\Users\loicn\.gradle\caches\modules-2\files-2.1\org.springframework.boot\spring-boot-starter-json\3.1.4\2dafafeb1ca78678a970947c51def69723c7442c\spring-boot-starter-json-3.1.4.jar;C:\Users\loicn\.gradle\caches\modules-2\files-2.1\org.springframework.boot\spring-boot-starter-jdbc\3.1.4\d1c52a3392180c7925d32e5594a873db6c72239b\spring-boot-starter-jdbc-3.1.4.jar;C:\Users\loicn\.gradle\caches\modules-2\files-2.1\org.springframework.boot\spring-boot-starter\3.1.4\8a615e53a9f45eecc4821917b1423daa68afcf19\spring-boot-starter-3.1.4.jar;C:\Users\loicn\.gradle\caches\modules-2\files-2.1\org.springframework.boot\spring-boot-starter-tomcat\3.1.4\b8f55488574671d085f8d31c137c6f6d8d79cc24\spring-boot-starter-tomcat-3.1.4.jar;C:\Users\loicn\.gradle\caches\modules-2\files-2.1\org.springframework\spring-webmvc\6.0.12\c7cf897d23da555a20e570d170f8f1541b04564d\spring-webmvc-6.0.12.jar;C:\Users\loicn\.gradle\caches\modules-2\files-2.1\org.springframework\spring-web\6.0.12\89a20bbd7c1f973dc246b1d790b34e0b3e28e74d\spring-web-6.0.12.jar;C:\Users\loicn\.gradle\caches\modules-2\files-2.1\org.hibernate.orm\hibernate-core\6.2.9.Final\a24ca4a5c003b6d0d9e005c6226f84cf4169bfeb\hibernate-core-6.2.9.Final.jar;C:\Users\loicn\.gradle\caches\modules-2\files-2.1\org.springframework.data\spring-data-jpa\3.1.4\c51bbed97c35a0c6abced4854db85a5a5b216540\spring-data-jpa-3.1.4.jar;C:\Users\loicn\.gradle\caches\modules-2\files-2.1\org.springframework\spring-aspects\6.0.12\f9f903318add53a20c0e33ead1b16abd669543f7\spring-aspects-6.0.12.jar;C:\Users\loicn\.gradle\caches\modules-2\files-2.1\org.springframework.boot\spring-boot-actuator-autoconfigure\3.1.4\fcc2827e35b4c99ad0e7145782406260202f9abc\spring-boot-actuator-autoconfigure-3.1.4.jar;C:\Users\loicn\.gradle\caches\modules-2\files-2.1\io.micrometer\micrometer-observation\1.11.4\1aa2f6ba1dae42c403543bd14ea5f302d7ed6d85\micrometer-observation-1.11.4.jar;C:\Users\loicn\.gradle\caches\modules-2\files-2.1\org.springframework.boot\spring-boot-test-autoconfigure\3.1.4\129458471bf8a379613a09bdd2250a34ff169650\spring-boot-test-autoconfigure-3.1.4.jar;C:\Users\loicn\.gradle\caches\modules-2\files-2.1\org.springframework.boot\spring-boot-test\3.1.4\189c105270b2b109fbb26c709e2e42133aef5ab3\spring-boot-test-3.1.4.jar;C:\Users\loicn\.gradle\caches\modules-2\files-2.1\org.springframework.boot\spring-boot-autoconfigure\3.1.4\ae53253f6330787f8b77a13aa90d6514597a20d0\spring-boot-autoconfigure-3.1.4.jar;C:\Users\loicn\.gradle\caches\modules-2\files-2.1\org.springframework.boot\spring-boot-actuator\3.1.4\ead74aababbdb6e22f50c2ea315074053b884233\spring-boot-actuator-3.1.4.jar;C:\Users\loicn\.gradle\caches\modules-2\files-2.1\org.springframework.boot\spring-boot\3.1.4\7a0a6349e28227a93f2b4efde897e87b3343bf3a\spring-boot-3.1.4.jar;C:\Users\loicn\.gradle\caches\modules-2\files-2.1\org.springframework\spring-context\6.0.12\f1964518e07796b2fdc1b9be2108485ffe1b4566\spring-context-6.0.12.jar;C:\Users\loicn\.gradle\caches\modules-2\files-2.1\org.springframework\spring-aop\6.0.12\ba7ecdbdc2abaf172d49692b8110f65ecd2d250c\spring-aop-6.0.12.jar;C:\Users\loicn\.gradle\caches\modules-2\files-2.1\org.aspectj\aspectjweaver\1.9.20\da562407e43f74c0f8f5f5df4065d85ec1736d01\aspectjweaver-1.9.20.jar;C:\Users\loicn\.gradle\caches\modules-2\files-2.1\io.micrometer\micrometer-commons\1.11.4\6dfbbc07ecad294bffacff0648d6eaa4de78f332\micrometer-commons-1.11.4.jar;C:\Users\loicn\.gradle\caches\modules-2\files-2.1\org.hdrhistogram\HdrHistogram\2.1.12\6eb7552156e0d517ae80cc2247be1427c8d90452\HdrHistogram-2.1.12.jar;C:\Users\loicn\.gradle\caches\modules-2\files-2.1\org.latencyutils\LatencyUtils\2.0.3\769c0b82cb2421c8256300e907298a9410a2a3d3\LatencyUtils-2.0.3.jar;C:\Users\loicn\.gradle\caches\modules-2\files-2.1\io.prometheus\simpleclient_common\0.16.0\a09a8c790a20309b942a9fdbfe77da22407096e6\simpleclient_common-0.16.0.jar;C:\Users\loicn\.gradle\caches\modules-2\files-2.1\com.google.guava\failureaccess\1.0.1\1dcf1de382a0bf95a3d8b0849546c88bac1292c9\failureaccess-1.0.1.jar;C:\Users\loicn\.gradle\caches\modules-2\files-2.1\com.google.guava\listenablefuture\9999.0-empty-to-avoid-conflict-with-guava\b421526c5f297295adef1c886e5246c39d4ac629\listenablefuture-9999.0-empty-to-avoid-conflict-with-guava.jar;C:\Users\loicn\.gradle\caches\modules-2\files-2.1\com.google.code.findbugs\jsr305\3.0.2\25ea2e8b0c338a877313bd4672d3fe056ea78f0d\jsr305-3.0.2.jar;C:\Users\loicn\.gradle\caches\modules-2\files-2.1\org.checkerframework\checker-qual\3.42.0\638ec33f363a94d41a4f03c3e7d3dcfba64e402d\checker-qual-3.42.0.jar;C:\Users\loicn\.gradle\caches\modules-2\files-2.1\com.google.errorprone\error_prone_annotations\2.11.0\c5a0ace696d3f8b1c1d8cc036d8c03cc0cbe6b69\error_prone_annotations-2.11.0.jar;C:\Users\loicn\.gradle\caches\modules-2\files-2.1\com.google.j2objc\j2objc-annotations\1.3\ba035118bc8bac37d7eff77700720999acd9986d\j2objc-annotations-1.3.jar;C:\Users\loicn\.gradle\caches\modules-2\files-2.1\com.jayway.jsonpath\json-path\2.8.0\b4ab3b7a9e425655a0ca65487bbbd6d7ddb75160\json-path-2.8.0.jar;C:\Users\loicn\.gradle\caches\modules-2\files-2.1\org.glassfish.jaxb\jaxb-runtime\4.0.3\93af25be25b2c92c83e0ce61cb8b3ed23568f316\jaxb-runtime-4.0.3.jar;C:\Users\loicn\.gradle\caches\modules-2\files-2.1\org.glassfish.jaxb\jaxb-core\4.0.3\e9093b4a82069a1d78ee9a3233ca387bca88861f\jaxb-core-4.0.3.jar;C:\Users\loicn\.gradle\caches\modules-2\files-2.1\jakarta.xml.bind\jakarta.xml.bind-api\4.0.1\ca2330866cbc624c7e5ce982e121db1125d23e15\jakarta.xml.bind-api-4.0.1.jar;C:\Users\loicn\.gradle\caches\modules-2\files-2.1\net.minidev\json-smart\2.4.11\cc5888f14a5768f254b97bafe8b9fd29b31e872e\json-smart-2.4.11.jar;C:\Users\loicn\.gradle\caches\modules-2\files-2.1\org.assertj\assertj-core\3.24.2\ebbf338e33f893139459ce5df023115971c2786f\assertj-core-3.24.2.jar;C:\Users\loicn\.gradle\caches\modules-2\files-2.1\org.hamcrest\hamcrest\2.2\1820c0968dba3a11a1b30669bb1f01978a91dedc\hamcrest-2.2.jar;C:\Users\loicn\.gradle\caches\modules-2\files-2.1\org.skyscreamer\jsonassert\1.5.1\6d842d0faf4cf6725c509a5e5347d319ee0431c3\jsonassert-1.5.1.jar;C:\Users\loicn\.gradle\caches\modules-2\files-2.1\org.springframework\spring-test\6.0.12\45ba109a7e19561dbbad64c9d033f2fecb434e85\spring-test-6.0.12.jar;C:\Users\loicn\.gradle\caches\modules-2\files-2.1\org.springframework\spring-orm\6.0.12\174d73f69d878fd7ddeef9a25213d8932692a768\spring-orm-6.0.12.jar;C:\Users\loicn\.gradle\caches\modules-2\files-2.1\org.springframework\spring-jdbc\6.0.12\cf14ce5078ab4b69b760ac91b2b9f23dab1e4457\spring-jdbc-6.0.12.jar;C:\Users\loicn\.gradle\caches\modules-2\files-2.1\org.springframework.data\spring-data-commons\3.1.4\7b16d91221c7f9492f63a99e97a1d907f6bf540c\spring-data-commons-3.1.4.jar;C:\Users\loicn\.gradle\caches\modules-2\files-2.1\org.springframework\spring-tx\6.0.12\b4e997baac7dd14593f3e4f815e3646279e9a63f\spring-tx-6.0.12.jar;C:\Users\loicn\.gradle\caches\modules-2\files-2.1\org.springframework\spring-beans\6.0.12\dfa53afbf1ab65f36c60333443ed1109ed331504\spring-beans-6.0.12.jar;C:\Users\loicn\.gradle\caches\modules-2\files-2.1\org.springframework\spring-expression\6.0.12\9283ad418f06f918e834b1981998a5f62a05b355\spring-expression-6.0.12.jar;C:\Users\loicn\.gradle\caches\modules-2\files-2.1\org.springframework\spring-core\6.0.12\a55e70359371b03ee29dacd75c3b40d0baf3a656\spring-core-6.0.12.jar;C:\Users\loicn\.gradle\caches\modules-2\files-2.1\org.xmlunit\xmlunit-core\2.9.1\e5833662d9a1279a37da3ef6f62a1da29fcd68c4\xmlunit-core-2.9.1.jar;C:\Users\loicn\.gradle\caches\modules-2\files-2.1\org.opentest4j\opentest4j\1.3.0\152ea56b3a72f655d4fd677fc0ef2596c3dd5e6e\opentest4j-1.3.0.jar;C:\Users\loicn\.gradle\caches\modules-2\files-2.1\net.bytebuddy\byte-buddy\1.14.8\505d7d8937ff00cc55db79723e26c94069b87d66\byte-buddy-1.14.8.jar;C:\Users\loicn\.gradle\caches\modules-2\files-2.1\net.bytebuddy\byte-buddy-agent\1.14.8\ae6ebe485f3bcd0a1e20241488a32e6400a501ef\byte-buddy-agent-1.14.8.jar;C:\Users\loicn\.gradle\caches\modules-2\files-2.1\org.objenesis\objenesis\3.3\1049c09f1de4331e8193e579448d0916d75b7631\objenesis-3.3.jar;C:\Users\loicn\.gradle\caches\modules-2\files-2.1\org.springframework.boot\spring-boot-starter-logging\3.1.4\e3533d7b6e2e9b5ca9b05dce2a9a2504aad5b889\spring-boot-starter-logging-3.1.4.jar;C:\Users\loicn\.gradle\caches\modules-2\files-2.1\jakarta.annotation\jakarta.annotation-api\2.1.1\48b9bda22b091b1f48b13af03fe36db3be6e1ae3\jakarta.annotation-api-2.1.1.jar;C:\Users\loicn\.gradle\caches\modules-2\files-2.1\org.yaml\snakeyaml\1.33\2cd0a87ff7df953f810c344bdf2fe3340b954c69\snakeyaml-1.33.jar;C:\Users\loicn\.gradle\caches\modules-2\files-2.1\com.fasterxml.jackson.datatype\jackson-datatype-jsr310\2.15.2\30d16ec2aef6d8094c5e2dce1d95034ca8b6cb42\jackson-datatype-jsr310-2.15.2.jar;C:\Users\loicn\.gradle\caches\modules-2\files-2.1\com.fasterxml.jackson.module\jackson-module-parameter-names\2.15.2\75f8d2788db20f6c587c7a19e94fb6248c314241\jackson-module-parameter-names-2.15.2.jar;C:\Users\loicn\.gradle\caches\modules-2\files-2.1\com.fasterxml.jackson.core\jackson-annotations\2.15.2\4724a65ac8e8d156a24898d50fd5dbd3642870b8\jackson-annotations-2.15.2.jar;C:\Users\loicn\.gradle\caches\modules-2\files-2.1\com.fasterxml.jackson.core\jackson-core\2.15.2\a6fe1836469a69b3ff66037c324d75fc66ef137c\jackson-core-2.15.2.jar;C:\Users\loicn\.gradle\caches\modules-2\files-2.1\com.fasterxml.jackson.datatype\jackson-datatype-jdk8\2.15.2\66a50e089cfd2f93896b9b6f7a734cea7bcf2f31\jackson-datatype-jdk8-2.15.2.jar;C:\Users\loicn\.gradle\caches\modules-2\files-2.1\com.fasterxml.jackson.core\jackson-databind\2.15.2\9353b021f10c307c00328f52090de2bdb4b6ff9c\jackson-databind-2.15.2.jar;C:\Users\loicn\.gradle\caches\modules-2\files-2.1\org.apache.tomcat.embed\tomcat-embed-websocket\10.1.13\540a79df9699435e4f7cb8983daab272d29d093f\tomcat-embed-websocket-10.1.13.jar;C:\Users\loicn\.gradle\caches\modules-2\files-2.1\org.apache.tomcat.embed\tomcat-embed-core\10.1.13\6909967f2ed6c323108c2cc7f20586d6f7eb6455\tomcat-embed-core-10.1.13.jar;C:\Users\loicn\.gradle\caches\modules-2\files-2.1\org.apache.tomcat.embed\tomcat-embed-el\10.1.13\22c8845f7528334905c582e48a3eeefab616b0a5\tomcat-embed-el-10.1.13.jar;C:\Users\loicn\.gradle\caches\modules-2\files-2.1\com.zaxxer\HikariCP\5.0.1\a74c7f0a37046846e88d54f7cb6ea6d565c65f9c\HikariCP-5.0.1.jar;C:\Users\loicn\.gradle\caches\modules-2\files-2.1\jakarta.persistence\jakarta.persistence-api\3.1.0\66901fa1c373c6aff65c13791cc11da72060a8d6\jakarta.persistence-api-3.1.0.jar;C:\Users\loicn\.gradle\caches\modules-2\files-2.1\jakarta.transaction\jakarta.transaction-api\2.0.1\51a520e3fae406abb84e2e1148e6746ce3f80a1a\jakarta.transaction-api-2.0.1.jar;C:\Users\loicn\.gradle\caches\modules-2\files-2.1\org.jboss.logging\jboss-logging\3.5.3.Final\c88fc1d8a96d4c3491f55d4317458ccad53ca663\jboss-logging-3.5.3.Final.jar;C:\Users\loicn\.gradle\caches\modules-2\files-2.1\org.hibernate.common\hibernate-commons-annotations\6.0.6.Final\77a5f94b56d49508e0ee334751db5b78e5ccd50c\hibernate-commons-annotations-6.0.6.Final.jar;C:\Users\loicn\.gradle\caches\modules-2\files-2.1\io.smallrye\jandex\3.0.5\c548a4871b552292dbdd65409d3fda145c8925c1\jandex-3.0.5.jar;C:\Users\loicn\.gradle\caches\modules-2\files-2.1\com.fasterxml\classmate\1.5.1\3fe0bed568c62df5e89f4f174c101eab25345b6c\classmate-1.5.1.jar;C:\Users\loicn\.gradle\caches\modules-2\files-2.1\jakarta.inject\jakarta.inject-api\2.0.1\4c28afe1991a941d7702fe1362c365f0a8641d1e\jakarta.inject-api-2.0.1.jar;C:\Users\loicn\.gradle\caches\modules-2\files-2.1\org.antlr\antlr4-runtime\4.10.1\10839f875928f59c622d675091d51a43ea0dc5f7\antlr4-runtime-4.10.1.jar;C:\Users\loicn\.gradle\caches\modules-2\files-2.1\ch.qos.logback\logback-classic\1.4.11\54450c0c783e896a1a6d88c043bd2f1daba1c382\logback-classic-1.4.11.jar;C:\Users\loicn\.gradle\caches\modules-2\files-2.1\org.apache.logging.log4j\log4j-to-slf4j\2.20.0\d37f81f8978e2672bc32c82712ab4b3f66624adc\log4j-to-slf4j-2.20.0.jar;C:\Users\loicn\.gradle\caches\modules-2\files-2.1\org.slf4j\jul-to-slf4j\2.0.9\9ef7c70b248185845f013f49a33ff9ca65b7975\jul-to-slf4j-2.0.9.jar;C:\Users\loicn\.gradle\caches\modules-2\files-2.1\org.slf4j\slf4j-api\2.0.9\7cf2726fdcfbc8610f9a71fb3ed639871f315340\slf4j-api-2.0.9.jar;C:\Users\loicn\.gradle\caches\modules-2\files-2.1\io.prometheus\simpleclient\0.16.0\28b0eaf7c500c506976da8d0fc9cad6c278e8d87\simpleclient-0.16.0.jar;C:\Users\loicn\.gradle\caches\modules-2\files-2.1\org.eclipse.angus\angus-activation\2.0.1\eaafaf4eb71b400e4136fc3a286f50e34a68ecb7\angus-activation-2.0.1.jar;C:\Users\loicn\.gradle\caches\modules-2\files-2.1\jakarta.activation\jakarta.activation-api\2.1.2\640c0d5aff45dbff1e1a1bc09673ff3a02b1ba12\jakarta.activation-api-2.1.2.jar;C:\Users\loicn\.gradle\caches\modules-2\files-2.1\net.minidev\accessors-smart\2.4.11\245ceca7bdf3190fbb977045c852d5f3c8efece1\accessors-smart-2.4.11.jar;C:\Users\loicn\.gradle\caches\modules-2\files-2.1\com.vaadin.external.google\android-json\0.0.20131108.vaadin1\fa26d351fe62a6a17f5cda1287c1c6110dec413f\android-json-0.0.20131108.vaadin1.jar;C:\Users\loicn\.gradle\caches\modules-2\files-2.1\org.springframework\spring-jcl\6.0.12\44a1d1d105063d4eb9c5dc705245ef6fa4162520\spring-jcl-6.0.12.jar;C:\Users\loicn\.gradle\caches\modules-2\files-2.1\io.prometheus\simpleclient_tracer_otel\0.16.0\cc3d2b7b7cb6f077e3b1ee1d3e99eb54fddfa151\simpleclient_tracer_otel-0.16.0.jar;C:\Users\loicn\.gradle\caches\modules-2\files-2.1\io.prometheus\simpleclient_tracer_otel_agent\0.16.0\9d724771e339ff7ec6cd7c0cc170d3470904c5\simpleclient_tracer_otel_agent-0.16.0.jar;C:\Users\loicn\.gradle\caches\modules-2\files-2.1\org.ow2.asm\asm\9.3\8e6300ef51c1d801a7ed62d07cd221aca3a90640\asm-9.3.jar;C:\Users\loicn\.gradle\caches\modules-2\files-2.1\ch.qos.logback\logback-core\1.4.11\2f9f280219a9922a74200eaf7138c4c17fb87c0f\logback-core-1.4.11.jar;C:\Users\loicn\.gradle\caches\modules-2\files-2.1\org.apache.logging.log4j\log4j-api\2.20.0\1fe6082e660daf07c689a89c94dc0f49c26b44bb\log4j-api-2.20.0.jar;C:\Users\loicn\.gradle\caches\modules-2\files-2.1\org.glassfish.jaxb\txw2\4.0.3\47b8fe31c6d1a3382203af919400527389e01e9c\txw2-4.0.3.jar;C:\Users\loicn\.gradle\caches\modules-2\files-2.1\com.sun.istack\istack-commons-runtime\4.1.2\18ec117c85f3ba0ac65409136afa8e42bc74e739\istack-commons-runtime-4.1.2.jar;C:\Users\loicn\.gradle\caches\modules-2\files-2.1\io.prometheus\simpleclient_tracer_common\0.16.0\dec00ef7c6155c4ca1109ec8248f7ff58d8f6cd3\simpleclient_tracer_common-0.16.0.jar
java.vm.info=mixed mode, sharing
java.vm.specification.vendor=Oracle Corporation
java.vm.specification.version=21
java.vm.vendor=Oracle Corporation
org.gradle.internal.worker.tmpdir=C:\Users\loicn\Documents\IA2R 5A\ProjetProgFullStack\PROJET_MED\app\build\tmp\test\work
file.encoding=UTF-8
user.country=FR
user.language=fr
user.variant=
sun.java.command=worker.org.gradle.process.internal.worker.GradleWorkerMain &apos;Gradle Test Executor 3&apos;
sun.java.launcher=SUN_STANDARD
</properties>
</vm_arguments>
<tty>
<writer thread='24128'/>
<blob name='MethodHandlesAdapterBlob' total_size='4224'>
<sect index='1' capacity='4224' size='378' remaining='3846'/>
</blob>
<writer thread='1108'/>
<dependency_failed type='leaf_type' ctxk='java/util/HashMap' witness='java/util/LinkedHashMap' stamp='0.299'/>
<writer thread='24128'/>
<dependency_failed type='leaf_type' ctxk='java/util/WeakHashMap' witness='java/lang/ClassValue$ClassValueMap' stamp='0.532'/>
<dependency_failed type='leaf_type' ctxk='java/util/WeakHashMap' witness='java/lang/ClassValue$ClassValueMap' stamp='0.532'/>
<dependency_failed type='leaf_type' ctxk='java/util/jar/JarFile' witness='sun/net/www/protocol/jar/URLJarFile' stamp='0.542'/>
<dependency_failed type='leaf_type' ctxk='java/util/jar/JarFile' witness='sun/net/www/protocol/jar/URLJarFile' stamp='0.542'/>
<dependency_failed type='leaf_type' ctxk='java/util/jar/JarFile' witness='sun/net/www/protocol/jar/URLJarFile' stamp='0.542'/>
<dependency_failed type='leaf_type' ctxk='java/util/jar/JarFile' witness='sun/net/www/protocol/jar/URLJarFile' stamp='0.542'/>
<dependency_failed type='leaf_type' ctxk='java/util/jar/JarFile' witness='sun/net/www/protocol/jar/URLJarFile' stamp='0.542'/>
<dependency_failed type='leaf_type' ctxk='java/util/jar/JarFile' witness='sun/net/www/protocol/jar/URLJarFile' stamp='0.542'/>
<dependency_failed type='leaf_type' ctxk='java/util/jar/JarFile' witness='sun/net/www/protocol/jar/URLJarFile' stamp='0.542'/>
<dependency_failed type='leaf_type' ctxk='java/util/ArrayList' witness='org/jacoco/agent/rt/internal_4481564/asm/tree/MethodNode$1' stamp='1.002'/>
<dependency_failed type='leaf_type' ctxk='java/util/ArrayList' witness='org/jacoco/agent/rt/internal_4481564/asm/tree/MethodNode$1' stamp='1.003'/>
<dependency_failed type='leaf_type' ctxk='java/util/ArrayList' witness='org/jacoco/agent/rt/internal_4481564/asm/tree/MethodNode$1' stamp='1.003'/>
<dependency_failed type='leaf_type' ctxk='java/util/ArrayList' witness='org/jacoco/agent/rt/internal_4481564/asm/tree/MethodNode$1' stamp='1.003'/>
<dependency_failed type='leaf_type' ctxk='java/util/ArrayList' witness='org/jacoco/agent/rt/internal_4481564/asm/tree/MethodNode$1' stamp='1.003'/>
<dependency_failed type='leaf_type' ctxk='java/util/ArrayList' witness='org/jacoco/agent/rt/internal_4481564/asm/tree/MethodNode$1' stamp='1.003'/>
<dependency_failed type='leaf_type' ctxk='java/util/ArrayList' witness='org/jacoco/agent/rt/internal_4481564/asm/tree/MethodNode$1' stamp='1.003'/>
<dependency_failed type='leaf_type' ctxk='java/util/ArrayList' witness='org/jacoco/agent/rt/internal_4481564/asm/tree/MethodNode$1' stamp='1.003'/>
<dependency_failed type='leaf_type' ctxk='java/util/ArrayList' witness='org/jacoco/agent/rt/internal_4481564/asm/tree/MethodNode$1' stamp='1.003'/>
<dependency_failed type='leaf_type' ctxk='java/util/ArrayList' witness='org/jacoco/agent/rt/internal_4481564/asm/tree/MethodNode$1' stamp='1.003'/>
<dependency_failed type='leaf_type' ctxk='java/util/ArrayList' witness='org/jacoco/agent/rt/internal_4481564/asm/tree/MethodNode$1' stamp='1.003'/>
<dependency_failed type='leaf_type' ctxk='java/util/ArrayList' witness='org/jacoco/agent/rt/internal_4481564/asm/tree/MethodNode$1' stamp='1.003'/>
<dependency_failed type='leaf_type' ctxk='java/util/ArrayList' witness='org/jacoco/agent/rt/internal_4481564/asm/tree/MethodNode$1' stamp='1.003'/>
<dependency_failed type='leaf_type' ctxk='java/util/ArrayList' witness='org/jacoco/agent/rt/internal_4481564/asm/tree/MethodNode$1' stamp='1.003'/>
<dependency_failed type='leaf_type' ctxk='java/util/ArrayList' witness='org/jacoco/agent/rt/internal_4481564/asm/tree/MethodNode$1' stamp='1.003'/>
<dependency_failed type='unique_concrete_method_4' ctxk='java/util/ArrayList' x='java.util.ArrayList add (Ljava/lang/Object;)Z' x2='java/util/ArrayList' x3='java.util.ArrayList add (Ljava/lang/Object;)Z' witness='org/jacoco/agent/rt/internal_4481564/asm/tree/MethodNode$1' stamp='1.003'/>
<dependency_failed type='leaf_type' ctxk='java/io/PrintStream' witness='org/gradle/internal/io/LinePerThreadBufferingOutputStream' stamp='1.031'/>
<dependency_failed type='unique_concrete_method_4' ctxk='java/util/HashMap' x='java.util.HashMap containsKey (Ljava/lang/Object;)Z' x2='java/util/HashMap' x3='java.util.HashMap containsKey (Ljava/lang/Object;)Z' witness='java/lang/ProcessEnvironment' stamp='1.094'/>
<dependency_failed type='unique_concrete_method_4' ctxk='java/util/HashMap' x='java.util.HashMap containsKey (Ljava/lang/Object;)Z' x2='java/util/HashMap' x3='java.util.HashMap containsKey (Ljava/lang/Object;)Z' witness='java/lang/ProcessEnvironment' stamp='1.094'/>
<dependency_failed type='unique_concrete_method_4' ctxk='java/util/HashMap' x='java.util.HashMap put (Ljava/lang/Object;Ljava/lang/Object;)Ljava/lang/Object;' x2='java/util/HashMap' x3='java.util.HashMap put (Ljava/lang/Object;Ljava/lang/Object;)Ljava/lang/Object;' witness='java/lang/ProcessEnvironment' stamp='1.094'/>
<dependency_failed type='leaf_type' ctxk='java/util/zip/CRC32' witness='sun/util/calendar/ZoneInfoFile$Checksum' stamp='1.124'/>
<dependency_failed type='leaf_type' ctxk='java/util/zip/CRC32' witness='sun/util/calendar/ZoneInfoFile$Checksum' stamp='1.124'/>
<dependency_failed type='leaf_type' ctxk='java/util/zip/CRC32' witness='sun/util/calendar/ZoneInfoFile$Checksum' stamp='1.124'/>
<dependency_failed type='unique_concrete_method_4' ctxk='java/lang/AbstractStringBuilder' x='java.lang.StringBuilder length ()I' x2='java/lang/AbstractStringBuilder' x3='java.lang.AbstractStringBuilder length ()I' witness='java/lang/StringBuffer' stamp='1.188'/>
<dependency_failed type='unique_concrete_method_4' ctxk='java/lang/AbstractStringBuilder' x='java.lang.StringBuilder length ()I' x2='java/lang/AbstractStringBuilder' x3='java.lang.AbstractStringBuilder length ()I' witness='java/lang/StringBuffer' stamp='1.188'/>
<dependency_failed type='unique_concrete_method_4' ctxk='java/lang/AbstractStringBuilder' x='java.lang.StringBuilder length ()I' x2='java/lang/AbstractStringBuilder' x3='java.lang.AbstractStringBuilder length ()I' witness='java/lang/StringBuffer' stamp='1.188'/>
<writer thread='36120'/>
<dependency_failed type='unique_concrete_method_4' ctxk='java/lang/AbstractStringBuilder' x='java.lang.StringBuilder length ()I' x2='java/lang/AbstractStringBuilder' x3='java.lang.AbstractStringBuilder length ()I' witness='java/lang/StringBuffer' stamp='1.219'/>
<writer thread='24128'/>
<dependency_failed type='abstract_with_unique_concrete_subtype' ctxk='java/util/concurrent/locks/AbstractQueuedSynchronizer' x='java/util/concurrent/locks/ReentrantLock$NonfairSync' witness='java/util/concurrent/ThreadPoolExecutor$Worker' stamp='1.351'/>
<dependency_failed type='abstract_with_unique_concrete_subtype' ctxk='java/util/concurrent/locks/AbstractOwnableSynchronizer' x='java/util/concurrent/locks/ReentrantLock$NonfairSync' witness='java/util/concurrent/ThreadPoolExecutor$Worker' stamp='1.351'/>
<dependency_failed type='abstract_with_unique_concrete_subtype' ctxk='java/util/concurrent/locks/AbstractOwnableSynchronizer' x='java/util/concurrent/locks/ReentrantLock$NonfairSync' witness='java/util/concurrent/ThreadPoolExecutor$Worker' stamp='1.351'/>
<dependency_failed type='abstract_with_unique_concrete_subtype' ctxk='java/util/concurrent/locks/AbstractOwnableSynchronizer' x='java/util/concurrent/locks/ReentrantLock$NonfairSync' witness='java/util/concurrent/ThreadPoolExecutor$Worker' stamp='1.351'/>
<dependency_failed type='abstract_with_unique_concrete_subtype' ctxk='java/util/concurrent/locks/AbstractOwnableSynchronizer' x='java/util/concurrent/locks/ReentrantLock$NonfairSync' witness='java/util/concurrent/ThreadPoolExecutor$Worker' stamp='1.351'/>
<dependency_failed type='abstract_with_unique_concrete_subtype' ctxk='java/util/concurrent/locks/AbstractOwnableSynchronizer' x='java/util/concurrent/locks/ReentrantLock$NonfairSync' witness='java/util/concurrent/ThreadPoolExecutor$Worker' stamp='1.351'/>
<dependency_failed type='abstract_with_unique_concrete_subtype' ctxk='java/util/concurrent/locks/AbstractOwnableSynchronizer' x='java/util/concurrent/locks/ReentrantLock$NonfairSync' witness='java/util/concurrent/ThreadPoolExecutor$Worker' stamp='1.351'/>
<dependency_failed type='abstract_with_unique_concrete_subtype' ctxk='java/util/concurrent/locks/AbstractOwnableSynchronizer' x='java/util/concurrent/locks/ReentrantLock$NonfairSync' witness='java/util/concurrent/ThreadPoolExecutor$Worker' stamp='1.351'/>
<dependency_failed type='abstract_with_unique_concrete_subtype' ctxk='java/util/concurrent/locks/AbstractOwnableSynchronizer' x='java/util/concurrent/locks/ReentrantLock$NonfairSync' witness='java/util/concurrent/ThreadPoolExecutor$Worker' stamp='1.351'/>
<dependency_failed type='unique_concrete_method_4' ctxk='java/util/concurrent/locks/AbstractQueuedSynchronizer' x='java.util.concurrent.locks.ReentrantLock$Sync tryRelease (I)Z' x2='java/util/concurrent/locks/AbstractQueuedSynchronizer' x3='java.util.concurrent.locks.AbstractQueuedSynchronizer tryRelease (I)Z' witness='java/util/concurrent/ThreadPoolExecutor$Worker' stamp='1.352'/>
<dependency_failed type='leaf_type' ctxk='java/io/ByteArrayOutputStream' witness='sun/security/util/DerOutputStream' stamp='1.381'/>
<dependency_failed type='leaf_type' ctxk='sun/nio/fs/WindowsPath' witness='sun/nio/fs/WindowsPath$WindowsPathWithAttributes' stamp='1.488'/>
<dependency_failed type='leaf_type' ctxk='sun/nio/fs/WindowsPath' witness='sun/nio/fs/WindowsPath$WindowsPathWithAttributes' stamp='1.488'/>
<writer thread='32172'/>
<dependency_failed type='leaf_type' ctxk='java/lang/SecurityException' witness='java/security/AccessControlException' stamp='1.560'/>
<writer thread='24128'/>
<dependency_failed type='abstract_with_unique_concrete_subtype' ctxk='jdk/internal/loader/Resource' x='jdk/internal/loader/URLClassPath$JarLoader$2' witness='jdk/internal/loader/URLClassPath$FileLoader$1' stamp='1.695'/>
<dependency_failed type='unique_concrete_method_4' ctxk='jdk/internal/loader/Resource' x='jdk.internal.loader.URLClassPath$JarLoader$2 getCodeSourceURL ()Ljava/net/URL;' x2='jdk/internal/loader/Resource' x3='jdk.internal.loader.Resource getCodeSourceURL ()Ljava/net/URL;' witness='jdk/internal/loader/URLClassPath$FileLoader$1' stamp='1.695'/>
<dependency_failed type='unique_concrete_method_4' ctxk='jdk/internal/loader/Resource' x='jdk.internal.loader.URLClassPath$JarLoader$2 getDataError ()Ljava/lang/Exception;' x2='jdk/internal/loader/Resource' x3='jdk.internal.loader.Resource getDataError ()Ljava/lang/Exception;' witness='jdk/internal/loader/URLClassPath$FileLoader$1' stamp='1.695'/>
<dependency_failed type='unique_concrete_method_4' ctxk='jdk/internal/loader/Resource' x='jdk.internal.loader.URLClassPath$JarLoader$2 getInputStream ()Ljava/io/InputStream;' x2='jdk/internal/loader/Resource' x3='jdk.internal.loader.Resource getInputStream ()Ljava/io/InputStream;' witness='jdk/internal/loader/URLClassPath$FileLoader$1' stamp='1.695'/>
<dependency_failed type='unique_concrete_method_4' ctxk='jdk/internal/loader/Resource' x='jdk.internal.loader.URLClassPath$JarLoader$2 getInputStream ()Ljava/io/InputStream;' x2='jdk/internal/loader/Resource' x3='jdk.internal.loader.Resource getInputStream ()Ljava/io/InputStream;' witness='jdk/internal/loader/URLClassPath$FileLoader$1' stamp='1.695'/>
<dependency_failed type='unique_concrete_method_4' ctxk='jdk/internal/loader/Resource' x='jdk.internal.loader.URLClassPath$JarLoader$2 getInputStream ()Ljava/io/InputStream;' x2='jdk/internal/loader/Resource' x3='jdk.internal.loader.Resource getInputStream ()Ljava/io/InputStream;' witness='jdk/internal/loader/URLClassPath$FileLoader$1' stamp='1.695'/>
<dependency_failed type='unique_concrete_method_4' ctxk='jdk/internal/loader/Resource' x='jdk.internal.loader.URLClassPath$JarLoader$2 getURL ()Ljava/net/URL;' x2='jdk/internal/loader/Resource' x3='jdk.internal.loader.Resource getURL ()Ljava/net/URL;' witness='jdk/internal/loader/URLClassPath$FileLoader$1' stamp='1.695'/>
<dependency_failed type='unique_concrete_method_4' ctxk='java/util/Deque' x='java.util.ArrayDeque add (Ljava/lang/Object;)Z' x2='java/util/Deque' x3='java.util.Deque add (Ljava/lang/Object;)Z' witness='java/util/Deque' stamp='2.269'/>
<dependency_failed type='unique_concrete_method_4' ctxk='java/util/Deque' x='java.util.ArrayDeque poll ()Ljava/lang/Object;' x2='java/util/Deque' x3='java.util.Deque poll ()Ljava/lang/Object;' witness='java/util/Deque' stamp='2.269'/>
<dependency_failed type='leaf_type' ctxk='org/junit/platform/commons/function/Try' witness='org/junit/platform/commons/function/Try$Failure' stamp='2.352'/>
<dependency_failed type='unique_concrete_method_4' ctxk='java/lang/ThreadLocal' x='java.lang.ThreadLocal getMap (Ljava/lang/Thread;)Ljava/lang/ThreadLocal$ThreadLocalMap;' x2='java/lang/ThreadLocal' x3='java.lang.ThreadLocal getMap (Ljava/lang/Thread;)Ljava/lang/ThreadLocal$ThreadLocalMap;' witness='java/lang/InheritableThreadLocal' stamp='2.508'/>
<dependency_failed type='leaf_type' ctxk='java/util/LinkedHashMap' witness='org/springframework/test/context/cache/DefaultContextCache$LruCache' stamp='2.724'/>
<dependency_failed type='leaf_type' ctxk='java/util/LinkedHashMap' witness='org/springframework/test/context/cache/DefaultContextCache$LruCache' stamp='2.724'/>
<dependency_failed type='leaf_type' ctxk='java/util/LinkedHashMap' witness='org/springframework/test/context/cache/DefaultContextCache$LruCache' stamp='2.724'/>
<dependency_failed type='leaf_type' ctxk='java/util/LinkedHashMap' witness='org/springframework/test/context/cache/DefaultContextCache$LruCache' stamp='2.724'/>
<dependency_failed type='leaf_type' ctxk='java/util/LinkedHashMap' witness='org/springframework/test/context/cache/DefaultContextCache$LruCache' stamp='2.724'/>
<dependency_failed type='leaf_type' ctxk='java/util/LinkedHashMap' witness='org/springframework/test/context/cache/DefaultContextCache$LruCache' stamp='2.724'/>
<dependency_failed type='leaf_type' ctxk='java/util/LinkedHashMap' witness='org/springframework/test/context/cache/DefaultContextCache$LruCache' stamp='2.724'/>
<dependency_failed type='leaf_type' ctxk='java/util/LinkedHashMap' witness='org/springframework/test/context/cache/DefaultContextCache$LruCache' stamp='2.724'/>
<dependency_failed type='unique_concrete_method_4' ctxk='java/util/LinkedHashMap' x='java.util.LinkedHashMap removeEldestEntry (Ljava/util/Map$Entry;)Z' x2='java/util/LinkedHashMap' x3='java.util.LinkedHashMap removeEldestEntry (Ljava/util/Map$Entry;)Z' witness='org/springframework/test/context/cache/DefaultContextCache$LruCache' stamp='2.725'/>
<dependency_failed type='unique_concrete_method_4' ctxk='java/util/LinkedHashMap' x='java.util.LinkedHashMap removeEldestEntry (Ljava/util/Map$Entry;)Z' x2='java/util/LinkedHashMap' x3='java.util.LinkedHashMap removeEldestEntry (Ljava/util/Map$Entry;)Z' witness='org/springframework/test/context/cache/DefaultContextCache$LruCache' stamp='2.725'/>
<dependency_failed type='leaf_type' ctxk='java/util/ArrayList$Itr' witness='java/util/ArrayList$ListItr' stamp='3.627'/>
<dependency_failed type='leaf_type' ctxk='java/util/ArrayList$Itr' witness='java/util/ArrayList$ListItr' stamp='3.627'/>
<dependency_failed type='unique_concrete_method_4' ctxk='java/lang/Throwable' x='java.lang.Throwable toString ()Ljava/lang/String;' x2='java/lang/Throwable' x3='java.lang.Throwable toString ()Ljava/lang/String;' witness='javax/naming/NamingException' stamp='3.764'/>
<dependency_failed type='leaf_type' ctxk='java/io/BufferedReader' witness='java/io/LineNumberReader' stamp='3.882'/>
<dependency_failed type='leaf_type' ctxk='java/io/BufferedReader' witness='java/io/LineNumberReader' stamp='3.882'/>
<dependency_failed type='leaf_type' ctxk='java/util/Collections$UnmodifiableSet' witness='java/util/Collections$UnmodifiableMap$UnmodifiableEntrySet' stamp='4.145'/>
<dependency_failed type='unique_concrete_method_4' ctxk='org/springframework/core/ResolvableType' x='org.springframework.core.ResolvableType getGenerics ()[Lorg/springframework/core/ResolvableType;' x2='org/springframework/core/ResolvableType' x3='org.springframework.core.ResolvableType getGenerics ()[Lorg/springframework/core/ResolvableType;' witness='org/springframework/core/ResolvableType$1' stamp='4.338'/>
<dependency_failed type='unique_concrete_method_4' ctxk='java/lang/reflect/WildcardType' x='sun.reflect.generics.reflectiveObjects.WildcardTypeImpl getUpperBounds ()[Ljava/lang/reflect/Type;' x2='java/lang/reflect/WildcardType' x3='java.lang.reflect.WildcardType getUpperBounds ()[Ljava/lang/reflect/Type;' witness='java/lang/reflect/WildcardType' stamp='4.406'/>
<dependency_failed type='leaf_type' ctxk='java/util/ArrayDeque' witness='org/springframework/context/annotation/ConfigurationClassParser$ImportStack' stamp='4.424'/>
<dependency_failed type='leaf_type' ctxk='java/util/ArrayDeque' witness='org/springframework/context/annotation/ConfigurationClassParser$ImportStack' stamp='4.424'/>
<dependency_failed type='leaf_type' ctxk='java/util/ArrayDeque' witness='org/springframework/context/annotation/ConfigurationClassParser$ImportStack' stamp='4.424'/>
<dependency_failed type='leaf_type' ctxk='java/util/ArrayDeque' witness='org/springframework/context/annotation/ConfigurationClassParser$ImportStack' stamp='4.424'/>
<dependency_failed type='leaf_type' ctxk='java/util/ArrayDeque' witness='org/springframework/context/annotation/ConfigurationClassParser$ImportStack' stamp='4.424'/>
<dependency_failed type='leaf_type' ctxk='java/util/ArrayDeque' witness='org/springframework/context/annotation/ConfigurationClassParser$ImportStack' stamp='4.424'/>
<dependency_failed type='leaf_type' ctxk='java/util/ArrayDeque' witness='org/springframework/context/annotation/ConfigurationClassParser$ImportStack' stamp='4.424'/>
<dependency_failed type='unique_concrete_method_4' ctxk='org/springframework/core/metrics/ApplicationStartup' x='org.springframework.core.metrics.DefaultApplicationStartup start (Ljava/lang/String;)Lorg/springframework/core/metrics/StartupStep;' x2='org/springframework/core/metrics/ApplicationStartup' x3='org.springframework.core.metrics.ApplicationStartup start (Ljava/lang/String;)Lorg/springframework/core/metrics/StartupStep;' witness='org/springframework/core/metrics/ApplicationStartup' stamp='5.247'/>
<dependency_failed type='unique_concrete_method_4' ctxk='org/springframework/core/type/MethodMetadata' x='org.springframework.core.type.AnnotatedTypeMetadata isAnnotated (Ljava/lang/String;)Z' x2='org/springframework/core/type/MethodMetadata' x3='org.springframework.core.type.AnnotatedTypeMetadata isAnnotated (Ljava/lang/String;)Z' witness='org/springframework/core/type/MethodMetadata' stamp='5.363'/>
<dependency_failed type='leaf_type' ctxk='org/springframework/core/type/filter/AssignableTypeFilter' witness='org/springframework/data/repository/config/RepositoryComponentProvider$InterfaceTypeFilter' stamp='5.880'/>
<dependency_failed type='leaf_type' ctxk='org/springframework/core/type/filter/AssignableTypeFilter' witness='org/springframework/data/repository/config/RepositoryComponentProvider$InterfaceTypeFilter' stamp='5.880'/>
<dependency_failed type='leaf_type' ctxk='org/springframework/core/type/filter/AssignableTypeFilter' witness='org/springframework/data/repository/config/RepositoryComponentProvider$InterfaceTypeFilter' stamp='5.880'/>
<dependency_failed type='leaf_type' ctxk='java/util/LinkedHashSet' witness='org/springframework/beans/factory/support/ManagedSet' stamp='5.895'/>
<dependency_failed type='leaf_type' ctxk='java/util/LinkedHashSet' witness='org/springframework/beans/factory/support/ManagedSet' stamp='5.895'/>
<dependency_failed type='leaf_type' ctxk='java/util/LinkedHashSet' witness='org/springframework/beans/factory/support/ManagedSet' stamp='5.895'/>
<dependency_failed type='leaf_type' ctxk='java/util/LinkedHashSet' witness='org/springframework/beans/factory/support/ManagedSet' stamp='5.895'/>
<dependency_failed type='leaf_type' ctxk='org/springframework/beans/factory/config/BeanDefinitionHolder' witness='org/springframework/beans/factory/parsing/BeanComponentDefinition' stamp='5.986'/>
<dependency_failed type='unique_concrete_method_4' ctxk='org/springframework/asm/ClassVisitor' x='org.springframework.core.type.classreading.SimpleAnnotationMetadataReadingVisitor visit (IILjava/lang/String;Ljava/lang/String;Ljava/lang/String;[Ljava/lang/String;)V' x2='org/springframework/asm/ClassVisitor' x3='org.springframework.asm.ClassVisitor visit (IILjava/lang/String;Ljava/lang/String;Ljava/lang/String;[Ljava/lang/String;)V' witness='org/springframework/cglib/core/DebuggingClassWriter' stamp='6.201'/>
<dependency_failed type='unique_concrete_method_4' ctxk='org/springframework/asm/ClassVisitor' x='org.springframework.core.type.classreading.SimpleAnnotationMetadataReadingVisitor visitMethod (ILjava/lang/String;Ljava/lang/String;Ljava/lang/String;[Ljava/lang/String;)Lorg/springframework/asm/MethodVisitor;' x2='org/springframework/asm/ClassVisitor' x3='org.springframework.asm.ClassVisitor visitMethod (ILjava/lang/String;Ljava/lang/String;Ljava/lang/String;[Ljava/lang/String;)Lorg/springframework/asm/MethodVisitor;' witness='org/springframework/cglib/core/DebuggingClassWriter' stamp='6.201'/>
<dependency_failed type='unique_concrete_method_4' ctxk='org/springframework/asm/ClassVisitor' x='org.springframework.asm.ClassVisitor visitField (ILjava/lang/String;Ljava/lang/String;Ljava/lang/String;Ljava/lang/Object;)Lorg/springframework/asm/FieldVisitor;' x2='org/springframework/asm/ClassVisitor' x3='org.springframework.asm.ClassVisitor visitField (ILjava/lang/String;Ljava/lang/String;Ljava/lang/String;Ljava/lang/Object;)Lorg/springframework/asm/FieldVisitor;' witness='org/springframework/asm/ClassWriter' stamp='6.208'/>
<dependency_failed type='unique_concrete_method_4' ctxk='org/springframework/asm/ClassVisitor' x='org.springframework.asm.ClassVisitor visitField (ILjava/lang/String;Ljava/lang/String;Ljava/lang/String;Ljava/lang/Object;)Lorg/springframework/asm/FieldVisitor;' x2='org/springframework/asm/ClassVisitor' x3='org.springframework.asm.ClassVisitor visitField (ILjava/lang/String;Ljava/lang/String;Ljava/lang/String;Ljava/lang/Object;)Lorg/springframework/asm/FieldVisitor;' witness='org/springframework/asm/ClassWriter' stamp='6.208'/>
<dependency_failed type='leaf_type' ctxk='java/io/DataInputStream' witness='org/aspectj/weaver/VersionedDataInputStream' stamp='6.629'/>
<dependency_failed type='leaf_type' ctxk='java/io/DataInputStream' witness='org/aspectj/weaver/VersionedDataInputStream' stamp='6.629'/>
<dependency_failed type='leaf_type' ctxk='java/io/DataInputStream' witness='org/aspectj/weaver/VersionedDataInputStream' stamp='6.629'/>
<dependency_failed type='leaf_type' ctxk='java/io/DataInputStream' witness='org/aspectj/weaver/VersionedDataInputStream' stamp='6.629'/>
<dependency_failed type='leaf_type' ctxk='java/io/DataInputStream' witness='org/aspectj/weaver/VersionedDataInputStream' stamp='6.629'/>
<dependency_failed type='leaf_type' ctxk='org/springframework/core/MethodParameter' witness='org/springframework/web/method/annotation/ModelAttributeMethodProcessor$FieldAwareConstructorParameter' stamp='6.925'/>
<dependency_failed type='leaf_type' ctxk='org/springframework/core/MethodParameter' witness='org/springframework/web/method/annotation/ModelAttributeMethodProcessor$FieldAwareConstructorParameter' stamp='6.925'/>
<dependency_failed type='leaf_type' ctxk='org/springframework/core/MethodParameter' witness='org/springframework/web/method/annotation/ModelAttributeMethodProcessor$FieldAwareConstructorParameter' stamp='6.925'/>
<dependency_failed type='leaf_type' ctxk='org/springframework/core/MethodParameter' witness='org/springframework/web/method/annotation/ModelAttributeMethodProcessor$FieldAwareConstructorParameter' stamp='6.925'/>
<dependency_failed type='leaf_type' ctxk='org/springframework/core/MethodParameter' witness='org/springframework/web/method/annotation/ModelAttributeMethodProcessor$FieldAwareConstructorParameter' stamp='6.925'/>
<dependency_failed type='leaf_type' ctxk='org/springframework/core/MethodParameter' witness='org/springframework/web/method/annotation/ModelAttributeMethodProcessor$FieldAwareConstructorParameter' stamp='6.925'/>
<dependency_failed type='leaf_type' ctxk='org/springframework/core/MethodParameter' witness='org/springframework/web/method/annotation/ModelAttributeMethodProcessor$FieldAwareConstructorParameter' stamp='6.925'/>
<dependency_failed type='leaf_type' ctxk='org/springframework/core/MethodParameter' witness='org/springframework/web/method/annotation/ModelAttributeMethodProcessor$FieldAwareConstructorParameter' stamp='6.925'/>
<dependency_failed type='leaf_type' ctxk='java/util/concurrent/ConcurrentHashMap' witness='org/h2/value/CaseInsensitiveConcurrentMap' stamp='7.453'/>
<dependency_failed type='leaf_type' ctxk='java/util/concurrent/ConcurrentHashMap' witness='org/h2/value/CaseInsensitiveConcurrentMap' stamp='7.453'/>
<dependency_failed type='leaf_type' ctxk='java/util/concurrent/ConcurrentHashMap' witness='org/h2/value/CaseInsensitiveConcurrentMap' stamp='7.453'/>
<dependency_failed type='leaf_type' ctxk='java/util/concurrent/ConcurrentHashMap' witness='org/h2/value/CaseInsensitiveConcurrentMap' stamp='7.453'/>
<dependency_failed type='leaf_type' ctxk='java/util/concurrent/ConcurrentHashMap' witness='org/h2/value/CaseInsensitiveConcurrentMap' stamp='7.453'/>
<dependency_failed type='leaf_type' ctxk='java/util/concurrent/ConcurrentHashMap' witness='org/h2/value/CaseInsensitiveConcurrentMap' stamp='7.453'/>
<dependency_failed type='leaf_type' ctxk='java/util/concurrent/ConcurrentHashMap' witness='org/h2/value/CaseInsensitiveConcurrentMap' stamp='7.453'/>
<dependency_failed type='leaf_type' ctxk='java/util/concurrent/ConcurrentHashMap' witness='org/h2/value/CaseInsensitiveConcurrentMap' stamp='7.453'/>
<dependency_failed type='leaf_type' ctxk='java/util/concurrent/ConcurrentHashMap' witness='org/h2/value/CaseInsensitiveConcurrentMap' stamp='7.453'/>
<dependency_failed type='leaf_type' ctxk='java/util/concurrent/ConcurrentHashMap' witness='org/h2/value/CaseInsensitiveConcurrentMap' stamp='7.453'/>
<dependency_failed type='leaf_type' ctxk='java/util/concurrent/ConcurrentHashMap' witness='org/h2/value/CaseInsensitiveConcurrentMap' stamp='7.453'/>
<dependency_failed type='leaf_type' ctxk='java/util/concurrent/ConcurrentHashMap' witness='org/h2/value/CaseInsensitiveConcurrentMap' stamp='7.453'/>
<dependency_failed type='leaf_type' ctxk='java/util/concurrent/ConcurrentHashMap' witness='org/h2/value/CaseInsensitiveConcurrentMap' stamp='7.453'/>
<dependency_failed type='leaf_type' ctxk='java/util/concurrent/ConcurrentHashMap' witness='org/h2/value/CaseInsensitiveConcurrentMap' stamp='7.453'/>
<dependency_failed type='leaf_type' ctxk='java/util/concurrent/ConcurrentHashMap' witness='org/h2/value/CaseInsensitiveConcurrentMap' stamp='7.453'/>
<dependency_failed type='leaf_type' ctxk='java/util/concurrent/ConcurrentHashMap' witness='org/h2/value/CaseInsensitiveConcurrentMap' stamp='7.453'/>
<dependency_failed type='leaf_type' ctxk='java/util/concurrent/ConcurrentHashMap' witness='org/h2/value/CaseInsensitiveConcurrentMap' stamp='7.453'/>
<dependency_failed type='leaf_type' ctxk='java/util/concurrent/ConcurrentHashMap' witness='org/h2/value/CaseInsensitiveConcurrentMap' stamp='7.453'/>
<dependency_failed type='leaf_type' ctxk='java/util/concurrent/ConcurrentHashMap' witness='org/h2/value/CaseInsensitiveConcurrentMap' stamp='7.453'/>
<dependency_failed type='leaf_type' ctxk='java/util/concurrent/ConcurrentHashMap' witness='org/h2/value/CaseInsensitiveConcurrentMap' stamp='7.453'/>
<dependency_failed type='leaf_type' ctxk='java/util/concurrent/ConcurrentHashMap' witness='org/h2/value/CaseInsensitiveConcurrentMap' stamp='7.453'/>
<dependency_failed type='leaf_type' ctxk='java/util/concurrent/ConcurrentHashMap' witness='org/h2/value/CaseInsensitiveConcurrentMap' stamp='7.453'/>
<dependency_failed type='leaf_type' ctxk='java/util/concurrent/ConcurrentHashMap' witness='org/h2/value/CaseInsensitiveConcurrentMap' stamp='7.453'/>
<dependency_failed type='leaf_type' ctxk='java/util/concurrent/ConcurrentHashMap' witness='org/h2/value/CaseInsensitiveConcurrentMap' stamp='7.453'/>
<dependency_failed type='leaf_type' ctxk='java/util/concurrent/ConcurrentHashMap' witness='org/h2/value/CaseInsensitiveConcurrentMap' stamp='7.453'/>
<dependency_failed type='leaf_type' ctxk='java/util/concurrent/ConcurrentHashMap' witness='org/h2/value/CaseInsensitiveConcurrentMap' stamp='7.453'/>
<dependency_failed type='leaf_type' ctxk='java/util/concurrent/ConcurrentHashMap' witness='org/h2/value/CaseInsensitiveConcurrentMap' stamp='7.453'/>
<dependency_failed type='leaf_type' ctxk='java/util/concurrent/ConcurrentHashMap' witness='org/h2/value/CaseInsensitiveConcurrentMap' stamp='7.453'/>
<dependency_failed type='leaf_type' ctxk='java/util/concurrent/ConcurrentHashMap' witness='org/h2/value/CaseInsensitiveConcurrentMap' stamp='7.453'/>
<dependency_failed type='leaf_type' ctxk='java/util/concurrent/ConcurrentHashMap' witness='org/h2/value/CaseInsensitiveConcurrentMap' stamp='7.453'/>
<dependency_failed type='leaf_type' ctxk='java/util/concurrent/ConcurrentHashMap' witness='org/h2/value/CaseInsensitiveConcurrentMap' stamp='7.453'/>
<dependency_failed type='leaf_type' ctxk='java/util/concurrent/ConcurrentHashMap' witness='org/h2/value/CaseInsensitiveConcurrentMap' stamp='7.453'/>
<dependency_failed type='leaf_type' ctxk='java/util/concurrent/ConcurrentHashMap' witness='org/h2/value/CaseInsensitiveConcurrentMap' stamp='7.453'/>
<dependency_failed type='leaf_type' ctxk='java/util/concurrent/ConcurrentHashMap' witness='org/h2/value/CaseInsensitiveConcurrentMap' stamp='7.453'/>
<dependency_failed type='leaf_type' ctxk='java/util/concurrent/ConcurrentHashMap' witness='org/h2/value/CaseInsensitiveConcurrentMap' stamp='7.453'/>
<dependency_failed type='leaf_type' ctxk='java/util/concurrent/ConcurrentHashMap' witness='org/h2/value/CaseInsensitiveConcurrentMap' stamp='7.453'/>
<dependency_failed type='leaf_type' ctxk='java/util/concurrent/ConcurrentHashMap' witness='org/h2/value/CaseInsensitiveConcurrentMap' stamp='7.453'/>
<dependency_failed type='leaf_type' ctxk='java/util/concurrent/ConcurrentHashMap' witness='org/h2/value/CaseInsensitiveConcurrentMap' stamp='7.453'/>
<dependency_failed type='leaf_type' ctxk='java/util/concurrent/ConcurrentHashMap' witness='org/h2/value/CaseInsensitiveConcurrentMap' stamp='7.453'/>
<dependency_failed type='abstract_with_unique_concrete_subtype' ctxk='java/util/concurrent/locks/ReentrantLock$Sync' x='java/util/concurrent/locks/ReentrantLock$NonfairSync' witness='java/util/concurrent/locks/ReentrantLock$FairSync' stamp='7.514'/>
<dependency_failed type='abstract_with_unique_concrete_subtype' ctxk='java/util/concurrent/locks/ReentrantLock$Sync' x='java/util/concurrent/locks/ReentrantLock$NonfairSync' witness='java/util/concurrent/locks/ReentrantLock$FairSync' stamp='7.514'/>
<dependency_failed type='abstract_with_unique_concrete_subtype' ctxk='java/util/concurrent/locks/ReentrantLock$Sync' x='java/util/concurrent/locks/ReentrantLock$NonfairSync' witness='java/util/concurrent/locks/ReentrantLock$FairSync' stamp='7.514'/>
<dependency_failed type='abstract_with_unique_concrete_subtype' ctxk='java/util/concurrent/locks/ReentrantLock$Sync' x='java/util/concurrent/locks/ReentrantLock$NonfairSync' witness='java/util/concurrent/locks/ReentrantLock$FairSync' stamp='7.514'/>
<dependency_failed type='abstract_with_unique_concrete_subtype' ctxk='java/util/concurrent/locks/ReentrantLock$Sync' x='java/util/concurrent/locks/ReentrantLock$NonfairSync' witness='java/util/concurrent/locks/ReentrantLock$FairSync' stamp='7.514'/>
<dependency_failed type='abstract_with_unique_concrete_subtype' ctxk='java/util/concurrent/locks/ReentrantLock$Sync' x='java/util/concurrent/locks/ReentrantLock$NonfairSync' witness='java/util/concurrent/locks/ReentrantLock$FairSync' stamp='7.514'/>
<dependency_failed type='abstract_with_unique_concrete_subtype' ctxk='java/util/concurrent/locks/ReentrantLock$Sync' x='java/util/concurrent/locks/ReentrantLock$NonfairSync' witness='java/util/concurrent/locks/ReentrantLock$FairSync' stamp='7.515'/>
<dependency_failed type='abstract_with_unique_concrete_subtype' ctxk='java/util/concurrent/locks/ReentrantLock$Sync' x='java/util/concurrent/locks/ReentrantLock$NonfairSync' witness='java/util/concurrent/locks/ReentrantLock$FairSync' stamp='7.515'/>
<dependency_failed type='abstract_with_unique_concrete_subtype' ctxk='java/util/concurrent/locks/ReentrantLock$Sync' x='java/util/concurrent/locks/ReentrantLock$NonfairSync' witness='java/util/concurrent/locks/ReentrantLock$FairSync' stamp='7.515'/>
<dependency_failed type='abstract_with_unique_concrete_subtype' ctxk='java/util/concurrent/locks/ReentrantLock$Sync' x='java/util/concurrent/locks/ReentrantLock$NonfairSync' witness='java/util/concurrent/locks/ReentrantLock$FairSync' stamp='7.515'/>
<dependency_failed type='abstract_with_unique_concrete_subtype' ctxk='java/util/concurrent/locks/ReentrantLock$Sync' x='java/util/concurrent/locks/ReentrantLock$NonfairSync' witness='java/util/concurrent/locks/ReentrantLock$FairSync' stamp='7.515'/>
<dependency_failed type='abstract_with_unique_concrete_subtype' ctxk='java/util/concurrent/locks/ReentrantLock$Sync' x='java/util/concurrent/locks/ReentrantLock$NonfairSync' witness='java/util/concurrent/locks/ReentrantLock$FairSync' stamp='7.515'/>
<dependency_failed type='abstract_with_unique_concrete_subtype' ctxk='java/util/concurrent/locks/ReentrantLock$Sync' x='java/util/concurrent/locks/ReentrantLock$NonfairSync' witness='java/util/concurrent/locks/ReentrantLock$FairSync' stamp='7.515'/>
<dependency_failed type='leaf_type' ctxk='java/util/BitSet' witness='org/h2/mvstore/tx/VersionedBitSet' stamp='7.550'/>
<dependency_failed type='leaf_type' ctxk='java/util/BitSet' witness='org/h2/mvstore/tx/VersionedBitSet' stamp='7.550'/>
<dependency_failed type='no_finalizable_subclasses' ctxk='java/lang/Object' witness='org/hibernate/engine/jdbc/connections/internal/DriverManagerConnectionProviderImpl' stamp='8.225'/>
<dependency_failed type='unique_concrete_method_4' ctxk='java/util/stream/ReduceOps$ReduceOp' x='java.util.stream.ReduceOps$3 makeSink ()Ljava/util/stream/ReduceOps$AccumulatingSink;' x2='java/util/stream/ReduceOps$ReduceOp' x3='java.util.stream.ReduceOps$ReduceOp makeSink ()Ljava/util/stream/ReduceOps$AccumulatingSink;' witness='java/util/stream/ReduceOps$1' stamp='9.605'/>
<dependency_failed type='unique_concrete_method_4' ctxk='org/h2/mvstore/Page' x='org.h2.mvstore.Page$Leaf getNodeType ()I' x2='org/h2/mvstore/Page' x3='org.h2.mvstore.Page getNodeType ()I' witness='org/h2/mvstore/Page$NonLeaf' stamp='11.455'/>
<dependency_failed type='unique_concrete_method_4' ctxk='org/aspectj/weaver/ReferenceTypeDelegate' x='org.aspectj.weaver.reflect.ReflectionBasedReferenceTypeDelegate isExposedToWeaver ()Z' x2='org/aspectj/weaver/ReferenceTypeDelegate' x3='org.aspectj.weaver.ReferenceTypeDelegate isExposedToWeaver ()Z' witness='org/aspectj/weaver/ReferenceTypeDelegate' stamp='11.798'/>
<dependency_failed type='unique_concrete_method_4' ctxk='org/aspectj/weaver/ReferenceTypeDelegate' x='org.aspectj.weaver.reflect.ReflectionBasedReferenceTypeDelegate copySourceContext ()Z' x2='org/aspectj/weaver/ReferenceTypeDelegate' x3='org.aspectj.weaver.ReferenceTypeDelegate copySourceContext ()Z' witness='org/aspectj/weaver/ReferenceTypeDelegate' stamp='11.798'/>
<dependency_failed type='unique_concrete_method_4' ctxk='org/aspectj/weaver/ReferenceTypeDelegate' x='org.aspectj.weaver.reflect.ReflectionBasedReferenceTypeDelegate ensureConsistent ()V' x2='org/aspectj/weaver/ReferenceTypeDelegate' x3='org.aspectj.weaver.ReferenceTypeDelegate ensureConsistent ()V' witness='org/aspectj/weaver/ReferenceTypeDelegate' stamp='11.798'/>
<dependency_failed type='unique_concrete_method_4' ctxk='org/aspectj/weaver/ReferenceTypeDelegate' x='org.aspectj.weaver.reflect.ReflectionBasedReferenceTypeDelegate isCacheable ()Z' x2='org/aspectj/weaver/ReferenceTypeDelegate' x3='org.aspectj.weaver.ReferenceTypeDelegate isCacheable ()Z' witness='org/aspectj/weaver/ReferenceTypeDelegate' stamp='11.798'/>
<dependency_failed type='unique_concrete_method_4' ctxk='org/springframework/util/ConcurrentReferenceHashMap$Reference' x='org.springframework.util.ConcurrentReferenceHashMap$SoftEntryReference getHash ()I' x2='org/springframework/util/ConcurrentReferenceHashMap$Reference' x3='org.springframework.util.ConcurrentReferenceHashMap$Reference getHash ()I' witness='org/springframework/util/ConcurrentReferenceHashMap$Reference' stamp='12.186'/>
<dependency_failed type='unique_concrete_method_4' ctxk='org/springframework/util/ConcurrentReferenceHashMap$Reference' x='org.springframework.util.ConcurrentReferenceHashMap$SoftEntryReference get ()Lorg/springframework/util/ConcurrentReferenceHashMap$Entry;' x2='org/springframework/util/ConcurrentReferenceHashMap$Reference' x3='org.springframework.util.ConcurrentReferenceHashMap$Reference get ()Lorg/springframework/util/ConcurrentReferenceHashMap$Entry;' witness='org/springframework/util/ConcurrentReferenceHashMap$Reference' stamp='12.186'/>
<dependency_failed type='unique_concrete_method_4' ctxk='org/springframework/util/ConcurrentReferenceHashMap$Reference' x='org.springframework.util.ConcurrentReferenceHashMap$SoftEntryReference get ()Lorg/springframework/util/ConcurrentReferenceHashMap$Entry;' x2='org/springframework/util/ConcurrentReferenceHashMap$Reference' x3='org.springframework.util.ConcurrentReferenceHashMap$Reference get ()Lorg/springframework/util/ConcurrentReferenceHashMap$Entry;' witness='org/springframework/util/ConcurrentReferenceHashMap$Reference' stamp='12.186'/>
<dependency_failed type='unique_concrete_method_4' ctxk='org/springframework/util/ConcurrentReferenceHashMap$Reference' x='org.springframework.util.ConcurrentReferenceHashMap$SoftEntryReference get ()Lorg/springframework/util/ConcurrentReferenceHashMap$Entry;' x2='org/springframework/util/ConcurrentReferenceHashMap$Reference' x3='org.springframework.util.ConcurrentReferenceHashMap$Reference get ()Lorg/springframework/util/ConcurrentReferenceHashMap$Entry;' witness='org/springframework/util/ConcurrentReferenceHashMap$Reference' stamp='12.186'/>
<dependency_failed type='unique_concrete_method_4' ctxk='org/springframework/transaction/interceptor/AbstractFallbackTransactionAttributeSource' x='org.springframework.transaction.interceptor.AbstractFallbackTransactionAttributeSource computeTransactionAttribute (Ljava/lang/reflect/Method;Ljava/lang/Class;)Lorg/springframework/transaction/interceptor/TransactionAttribute;' x2='org/springframework/transaction/interceptor/AbstractFallbackTransactionAttributeSource' x3='org.springframework.transaction.interceptor.AbstractFallbackTransactionAttributeSource computeTransactionAttribute (Ljava/lang/reflect/Method;Ljava/lang/Class;)Lorg/springframework/transaction/interceptor/TransactionAttribute;' witness='org/springframework/data/repository/core/support/TransactionalRepositoryProxyPostProcessor$RepositoryAnnotationTransactionAttributeSource' stamp='12.364'/>
<dependency_failed type='unique_concrete_method_4' ctxk='org/antlr/v4/runtime/atn/Transition' x='org.antlr.v4.runtime.atn.EpsilonTransition isEpsilon ()Z' x2='org/antlr/v4/runtime/atn/Transition' x3='org.antlr.v4.runtime.atn.Transition isEpsilon ()Z' witness='org/antlr/v4/runtime/atn/AtomTransition' stamp='12.938'/>
<dependency_failed type='unique_concrete_method_4' ctxk='org/antlr/v4/runtime/atn/SemanticContext' x='org.antlr.v4.runtime.atn.SemanticContext$Predicate equals (Ljava/lang/Object;)Z' x2='java/lang/Object' x3='java.lang.Object equals (Ljava/lang/Object;)Z' witness='org/antlr/v4/runtime/atn/SemanticContext$PrecedencePredicate' stamp='13.326'/>
<dependency_failed type='unique_concrete_method_4' ctxk='org/antlr/v4/runtime/atn/SemanticContext' x='org.antlr.v4.runtime.atn.SemanticContext$Predicate hashCode ()I' x2='java/lang/Object' x3='java.lang.Object hashCode ()I' witness='org/antlr/v4/runtime/atn/SemanticContext$PrecedencePredicate' stamp='13.326'/>
<dependency_failed type='unique_concrete_method_4' ctxk='org/antlr/v4/runtime/atn/SemanticContext' x='org.antlr.v4.runtime.atn.SemanticContext$Predicate equals (Ljava/lang/Object;)Z' x2='java/lang/Object' x3='java.lang.Object equals (Ljava/lang/Object;)Z' witness='org/antlr/v4/runtime/atn/SemanticContext$PrecedencePredicate' stamp='13.326'/>
<writer thread='28644'/>
<dependency_failed type='unique_concrete_method_4' ctxk='org/antlr/v4/runtime/atn/SemanticContext' x='org.antlr.v4.runtime.atn.SemanticContext$Predicate hashCode ()I' x2='java/lang/Object' x3='java.lang.Object hashCode ()I' witness='org/antlr/v4/runtime/atn/SemanticContext$PrecedencePredicate' stamp='13.368'/>
<dependency_failed type='unique_concrete_method_4' ctxk='org/antlr/v4/runtime/atn/SemanticContext' x='org.antlr.v4.runtime.atn.SemanticContext$Predicate equals (Ljava/lang/Object;)Z' x2='java/lang/Object' x3='java.lang.Object equals (Ljava/lang/Object;)Z' witness='org/antlr/v4/runtime/atn/SemanticContext$PrecedencePredicate' stamp='13.368'/>
<writer thread='24128'/>
<dependency_failed type='unique_concrete_method_4' ctxk='org/antlr/v4/runtime/Parser' x='org.springframework.data.jpa.repository.query.HqlParser getATN ()Lorg/antlr/v4/runtime/atn/ATN;' x2='org/antlr/v4/runtime/Parser' x3='org.antlr.v4.runtime.Recognizer getATN ()Lorg/antlr/v4/runtime/atn/ATN;' witness='org/hibernate/grammars/hql/HqlParser' stamp='13.621'/>
<writer thread='27752'/>
<dependency_failed type='unique_concrete_method_4' ctxk='org/antlr/v4/runtime/atn/SemanticContext' x='org.antlr.v4.runtime.atn.SemanticContext$Predicate hashCode ()I' x2='java/lang/Object' x3='java.lang.Object hashCode ()I' witness='org/antlr/v4/runtime/atn/SemanticContext$PrecedencePredicate' stamp='13.675'/>
<dependency_failed type='unique_concrete_method_4' ctxk='org/antlr/v4/runtime/atn/SemanticContext' x='org.antlr.v4.runtime.atn.SemanticContext$Predicate equals (Ljava/lang/Object;)Z' x2='java/lang/Object' x3='java.lang.Object equals (Ljava/lang/Object;)Z' witness='org/antlr/v4/runtime/atn/SemanticContext$PrecedencePredicate' stamp='13.675'/>
<writer thread='24128'/>
<dependency_failed type='leaf_type' ctxk='java/util/IdentityHashMap' witness='org/hibernate/internal/util/collections/LinkedIdentityHashMap' stamp='13.940'/>
<dependency_failed type='leaf_type' ctxk='java/util/IdentityHashMap' witness='org/hibernate/internal/util/collections/LinkedIdentityHashMap' stamp='13.940'/>
<dependency_failed type='leaf_type' ctxk='java/util/IdentityHashMap' witness='org/hibernate/internal/util/collections/LinkedIdentityHashMap' stamp='13.940'/>
<dependency_failed type='leaf_type' ctxk='java/util/IdentityHashMap' witness='org/hibernate/internal/util/collections/LinkedIdentityHashMap' stamp='13.940'/>
<writer thread='23288'/>
<dependency_failed type='unique_concrete_method_4' ctxk='java/util/IdentityHashMap' x='java.util.IdentityHashMap put (Ljava/lang/Object;Ljava/lang/Object;)Ljava/lang/Object;' x2='java/util/IdentityHashMap' x3='java.util.IdentityHashMap put (Ljava/lang/Object;Ljava/lang/Object;)Ljava/lang/Object;' witness='org/hibernate/internal/util/collections/LinkedIdentityHashMap' stamp='13.942'/>
<writer thread='24128'/>
<dependency_failed type='unique_concrete_method_4' ctxk='org/springframework/util/MultiValueMap' x='org.springframework.util.MultiValueMapAdapter get (Ljava/lang/Object;)Ljava/lang/Object;' x2='org/springframework/util/MultiValueMap' x3='org.springframework.util.MultiValueMap get (Ljava/lang/Object;)Ljava/lang/Object;' witness='org/springframework/util/MultiValueMap' stamp='14.926'/>
<dependency_failed type='unique_concrete_method_4' ctxk='org/springframework/util/MultiValueMap' x='org.springframework.util.MultiValueMapAdapter get (Ljava/lang/Object;)Ljava/lang/Object;' x2='org/springframework/util/MultiValueMap' x3='org.springframework.util.MultiValueMap get (Ljava/lang/Object;)Ljava/lang/Object;' witness='org/springframework/util/MultiValueMap' stamp='14.926'/>
<dependency_failed type='unique_concrete_method_4' ctxk='org/springframework/util/MultiValueMap' x='org.springframework.util.MultiValueMapAdapter isEmpty ()Z' x2='org/springframework/util/MultiValueMap' x3='org.springframework.util.MultiValueMap isEmpty ()Z' witness='org/springframework/util/MultiValueMap' stamp='14.926'/>
<dependency_failed type='unique_concrete_method_4' ctxk='org/springframework/util/MultiValueMap' x='org.springframework.util.MultiValueMapAdapter isEmpty ()Z' x2='org/springframework/util/MultiValueMap' x3='org.springframework.util.MultiValueMap isEmpty ()Z' witness='org/springframework/util/MultiValueMap' stamp='14.926'/>
<dependency_failed type='unique_concrete_method_4' ctxk='org/springframework/util/MultiValueMap' x='org.springframework.util.MultiValueMapAdapter add (Ljava/lang/Object;Ljava/lang/Object;)V' x2='org/springframework/util/MultiValueMap' x3='org.springframework.util.MultiValueMap add (Ljava/lang/Object;Ljava/lang/Object;)V' witness='org/springframework/util/MultiValueMap' stamp='14.926'/>
<dependency_failed type='unique_concrete_method_4' ctxk='org/springframework/beans/PropertyEditorRegistry' x='org.springframework.beans.PropertyEditorRegistrySupport registerCustomEditor (Ljava/lang/Class;Ljava/beans/PropertyEditor;)V' x2='org/springframework/beans/PropertyEditorRegistry' x3='org.springframework.beans.PropertyEditorRegistry registerCustomEditor (Ljava/lang/Class;Ljava/beans/PropertyEditor;)V' witness='org/springframework/beans/PropertyEditorRegistry' stamp='15.310'/>
<dependency_failed type='unique_concrete_method_4' ctxk='org/springframework/beans/TypeConverter' x='org.springframework.beans.TypeConverterSupport convertIfNecessary (Ljava/lang/Object;Ljava/lang/Class;)Ljava/lang/Object;' x2='org/springframework/beans/TypeConverter' x3='org.springframework.beans.TypeConverter convertIfNecessary (Ljava/lang/Object;Ljava/lang/Class;)Ljava/lang/Object;' witness='org/springframework/beans/TypeConverter' stamp='15.311'/>
<dependency_failed type='unique_concrete_method_4' ctxk='org/springframework/core/MethodParameter' x='org.springframework.core.MethodParameter adaptAnnotationArray ([Ljava/lang/annotation/Annotation;)[Ljava/lang/annotation/Annotation;' x2='org/springframework/core/MethodParameter' x3='org.springframework.core.MethodParameter adaptAnnotationArray ([Ljava/lang/annotation/Annotation;)[Ljava/lang/annotation/Annotation;' witness='org/springframework/core/annotation/SynthesizingMethodParameter' stamp='15.530'/>
<dependency_failed type='unique_concrete_method_4' ctxk='org/springframework/core/MethodParameter' x='org.springframework.core.MethodParameter getParameterAnnotations ()[Ljava/lang/annotation/Annotation;' x2='org/springframework/core/MethodParameter' x3='org.springframework.core.MethodParameter getParameterAnnotations ()[Ljava/lang/annotation/Annotation;' witness='org/springframework/web/method/HandlerMethod$HandlerMethodParameter' stamp='15.537'/>
<dependency_failed type='unique_concrete_method_4' ctxk='org/springframework/core/MethodParameter' x='org.springframework.core.MethodParameter getMethod ()Ljava/lang/reflect/Method;' x2='org/springframework/core/MethodParameter' x3='org.springframework.core.MethodParameter getMethod ()Ljava/lang/reflect/Method;' witness='org/springframework/web/method/HandlerMethod$HandlerMethodParameter' stamp='15.537'/>
<dependency_failed type='unique_concrete_method_4' ctxk='org/springframework/core/MethodParameter' x='org.springframework.core.MethodParameter getContainingClass ()Ljava/lang/Class;' x2='org/springframework/core/MethodParameter' x3='org.springframework.core.MethodParameter getContainingClass ()Ljava/lang/Class;' witness='org/springframework/web/method/HandlerMethod$HandlerMethodParameter' stamp='15.537'/>
<dependency_failed type='unique_concrete_method_4' ctxk='org/springframework/core/MethodParameter' x='org.springframework.core.MethodParameter getMethod ()Ljava/lang/reflect/Method;' x2='org/springframework/core/MethodParameter' x3='org.springframework.core.MethodParameter getMethod ()Ljava/lang/reflect/Method;' witness='org/springframework/web/method/HandlerMethod$HandlerMethodParameter' stamp='15.537'/>
<dependency_failed type='unique_concrete_method_4' ctxk='org/springframework/core/MethodParameter' x='org.springframework.core.MethodParameter getContainingClass ()Ljava/lang/Class;' x2='org/springframework/core/MethodParameter' x3='org.springframework.core.MethodParameter getContainingClass ()Ljava/lang/Class;' witness='org/springframework/web/method/HandlerMethod$HandlerMethodParameter' stamp='15.537'/>
<dependency_failed type='unique_concrete_method_4' ctxk='org/springframework/core/MethodParameter' x='org.springframework.core.MethodParameter getMethod ()Ljava/lang/reflect/Method;' x2='org/springframework/core/MethodParameter' x3='org.springframework.core.MethodParameter getMethod ()Ljava/lang/reflect/Method;' witness='org/springframework/web/method/HandlerMethod$HandlerMethodParameter' stamp='15.537'/>
<dependency_failed type='unique_concrete_method_4' ctxk='org/springframework/web/servlet/handler/AbstractHandlerMethodMapping' x='org.springframework.web.servlet.mvc.method.annotation.RequestMappingHandlerMapping isHandler (Ljava/lang/Class;)Z' x2='org/springframework/web/servlet/handler/AbstractHandlerMethodMapping' x3='org.springframework.web.servlet.handler.AbstractHandlerMethodMapping isHandler (Ljava/lang/Class;)Z' witness='org/springframework/boot/actuate/endpoint/web/servlet/AdditionalHealthEndpointPathsWebMvcHandlerMapping' stamp='15.989'/>
<dependency_failed type='leaf_type' ctxk='org/springframework/core/annotation/AnnotationAwareOrderComparator' witness='org/springframework/boot/web/servlet/ServletContextInitializerBeans$1' stamp='16.252'/>
<dependency_failed type='leaf_type' ctxk='org/springframework/core/annotation/AnnotationAwareOrderComparator' witness='org/springframework/boot/web/servlet/ServletContextInitializerBeans$1' stamp='16.252'/>
<dependency_failed type='unique_concrete_method_4' ctxk='org/springframework/core/OrderComparator' x='org.springframework.core.OrderComparator getOrder (Ljava/lang/Object;)I' x2='org/springframework/core/OrderComparator' x3='org.springframework.core.OrderComparator getOrder (Ljava/lang/Object;)I' witness='org/springframework/boot/web/servlet/ServletContextInitializerBeans$1' stamp='16.254'/>
<dependency_failed type='unique_concrete_method_4' ctxk='jakarta/servlet/ServletConfig' x='jakarta.servlet.GenericServlet getServletContext ()Ljakarta/servlet/ServletContext;' x2='jakarta/servlet/ServletConfig' x3='jakarta.servlet.ServletConfig getServletContext ()Ljakarta/servlet/ServletContext;' witness='jakarta/servlet/ServletConfig' stamp='16.264'/>
<dependency_failed type='leaf_type' ctxk='org/springframework/beans/MutablePropertyValues' witness='org/springframework/web/servlet/HttpServletBean$ServletConfigPropertyValues' stamp='16.285'/>
<dependency_failed type='leaf_type' ctxk='org/springframework/beans/MutablePropertyValues' witness='org/springframework/web/servlet/HttpServletBean$ServletConfigPropertyValues' stamp='16.285'/>
<dependency_failed type='leaf_type' ctxk='org/springframework/beans/MutablePropertyValues' witness='org/springframework/web/servlet/HttpServletBean$ServletConfigPropertyValues' stamp='16.285'/>
<dependency_failed type='unique_concrete_method_4' ctxk='ch/qos/logback/classic/turbo/TurboFilter' x='org.springframework.boot.logging.logback.LogbackLoggingSystem$1 decide (Lorg/slf4j/Marker;Lch/qos/logback/classic/Logger;Lch/qos/logback/classic/Level;Ljava/lang/String;[Ljava/lang/Object;Ljava/lang/Throwable;)Lch/qos/logback/core/spi/FilterReply;' x2='ch/qos/logback/classic/turbo/TurboFilter' x3='ch.qos.logback.classic.turbo.TurboFilter decide (Lorg/slf4j/Marker;Lch/qos/logback/classic/Logger;Lch/qos/logback/classic/Level;Ljava/lang/String;[Ljava/lang/Object;Ljava/lang/Throwable;)Lch/qos/logback/core/spi/FilterReply;' witness='io/micrometer/core/instrument/binder/logging/MetricsTurboFilter' stamp='16.383'/>
<dependency_failed type='abstract_with_unique_concrete_subtype' ctxk='org/springframework/beans/AbstractNestablePropertyAccessor' x='org/springframework/beans/BeanWrapperImpl' witness='org/springframework/beans/DirectFieldAccessor' stamp='16.414'/>
<dependency_failed type='unique_concrete_method_4' ctxk='java/nio/file/DirectoryStream$Filter' x='java.nio.file.Files$AcceptAllFilter accept (Ljava/lang/Object;)Z' x2='java/nio/file/DirectoryStream$Filter' x3='java.nio.file.DirectoryStream$Filter accept (Ljava/lang/Object;)Z' witness='java/nio/file/DirectoryStream$Filter' stamp='16.494'/>
<dependency_failed type='leaf_type' ctxk='java/util/zip/ZipInputStream' witness='java/util/jar/JarInputStream' stamp='16.665'/>
<dependency_failed type='unique_concrete_method_4' ctxk='java/lang/instrument/ClassFileTransformer' x='java.lang.instrument.ClassFileTransformer transform (Ljava/lang/Module;Ljava/lang/ClassLoader;Ljava/lang/String;Ljava/lang/Class;Ljava/security/ProtectionDomain;[B)[B' x2='java/lang/instrument/ClassFileTransformer' x3='java.lang.instrument.ClassFileTransformer transform (Ljava/lang/Module;Ljava/lang/ClassLoader;Ljava/lang/String;Ljava/lang/Class;Ljava/security/ProtectionDomain;[B)[B' witness='java/lang/instrument/ClassFileTransformer' stamp='17.058'/>
<dependency_failed type='unique_concrete_method_4' ctxk='java/lang/instrument/ClassFileTransformer' x='org.jacoco.agent.rt.internal_4481564.CoverageTransformer transform (Ljava/lang/ClassLoader;Ljava/lang/String;Ljava/lang/Class;Ljava/security/ProtectionDomain;[B)[B' x2='java/lang/instrument/ClassFileTransformer' x3='java.lang.instrument.ClassFileTransformer transform (Ljava/lang/ClassLoader;Ljava/lang/String;Ljava/lang/Class;Ljava/security/ProtectionDomain;[B)[B' witness='java/lang/instrument/ClassFileTransformer' stamp='17.058'/>
<writer thread='23288'/>
<dependency_failed type='abstract_with_unique_concrete_subtype' ctxk='net/bytebuddy/description/type/TypeDescription$Generic$OfTypeVariable' x='net/bytebuddy/description/type/TypeDescription$Generic$OfTypeVariable$ForLoadedType' witness='net/bytebuddy/description/type/TypeList$Generic$ForDetachedTypes$OfTypeVariables$AttachedTypeVariable' stamp='17.209'/>
<writer thread='24128'/>
<dependency_failed type='unique_concrete_method_4' ctxk='net/bytebuddy/jar/asm/MethodVisitor' x='net.bytebuddy.jar.asm.MethodWriter visitInsn (I)V' x2='net/bytebuddy/jar/asm/MethodVisitor' x3='net.bytebuddy.jar.asm.MethodVisitor visitInsn (I)V' witness='net/bytebuddy/dynamic/scaffold/TypeWriter$Default$ValidatingClassVisitor$ValidatingMethodVisitor' stamp='17.459'/>
<dependency_failed type='unique_concrete_method_4' ctxk='net/bytebuddy/jar/asm/MethodVisitor' x='net.bytebuddy.jar.asm.MethodWriter visitTypeInsn (ILjava/lang/String;)V' x2='net/bytebuddy/jar/asm/MethodVisitor' x3='net.bytebuddy.jar.asm.MethodVisitor visitTypeInsn (ILjava/lang/String;)V' witness='net/bytebuddy/dynamic/scaffold/TypeWriter$Default$ValidatingClassVisitor$ValidatingMethodVisitor' stamp='17.459'/>
<dependency_failed type='unique_concrete_method_4' ctxk='net/bytebuddy/jar/asm/MethodVisitor' x='net.bytebuddy.jar.asm.MethodWriter visitMethodInsn (ILjava/lang/String;Ljava/lang/String;Ljava/lang/String;Z)V' x2='net/bytebuddy/jar/asm/MethodVisitor' x3='net.bytebuddy.jar.asm.MethodVisitor visitMethodInsn (ILjava/lang/String;Ljava/lang/String;Ljava/lang/String;Z)V' witness='net/bytebuddy/dynamic/scaffold/TypeWriter$Default$ValidatingClassVisitor$ValidatingMethodVisitor' stamp='17.459'/>
<dependency_failed type='unique_concrete_method_4' ctxk='net/bytebuddy/jar/asm/MethodVisitor' x='net.bytebuddy.jar.asm.MethodWriter visitVarInsn (II)V' x2='net/bytebuddy/jar/asm/MethodVisitor' x3='net.bytebuddy.jar.asm.MethodVisitor visitVarInsn (II)V' witness='net/bytebuddy/dynamic/scaffold/TypeWriter$Default$ValidatingClassVisitor$ValidatingMethodVisitor' stamp='17.459'/>
<dependency_failed type='unique_concrete_method_4' ctxk='net/bytebuddy/jar/asm/MethodVisitor' x='net.bytebuddy.jar.asm.MethodWriter visitInsn (I)V' x2='net/bytebuddy/jar/asm/MethodVisitor' x3='net.bytebuddy.jar.asm.MethodVisitor visitInsn (I)V' witness='net/bytebuddy/dynamic/scaffold/TypeWriter$Default$ValidatingClassVisitor$ValidatingMethodVisitor' stamp='17.459'/>
<dependency_failed type='unique_concrete_method_4' ctxk='net/bytebuddy/jar/asm/MethodVisitor' x='net.bytebuddy.jar.asm.MethodWriter visitFieldInsn (ILjava/lang/String;Ljava/lang/String;Ljava/lang/String;)V' x2='net/bytebuddy/jar/asm/MethodVisitor' x3='net.bytebuddy.jar.asm.MethodVisitor visitFieldInsn (ILjava/lang/String;Ljava/lang/String;Ljava/lang/String;)V' witness='net/bytebuddy/dynamic/scaffold/TypeWriter$Default$ValidatingClassVisitor$ValidatingMethodVisitor' stamp='17.459'/>
<dependency_failed type='unique_concrete_method_4' ctxk='java/util/LinkedHashMap' x='java.util.HashMap put (Ljava/lang/Object;Ljava/lang/Object;)Ljava/lang/Object;' x2='java/util/Map' x3='java.util.Map put (Ljava/lang/Object;Ljava/lang/Object;)Ljava/lang/Object;' witness='org/springframework/validation/support/BindingAwareModelMap' stamp='17.660'/>
<dependency_failed type='unique_concrete_method_4' ctxk='java/util/LinkedHashMap' x='java.util.HashMap put (Ljava/lang/Object;Ljava/lang/Object;)Ljava/lang/Object;' x2='java/util/Map' x3='java.util.Map put (Ljava/lang/Object;Ljava/lang/Object;)Ljava/lang/Object;' witness='org/springframework/validation/support/BindingAwareModelMap' stamp='17.660'/>
<dependency_failed type='unique_concrete_method_4' ctxk='java/util/LinkedHashMap' x='java.util.HashMap put (Ljava/lang/Object;Ljava/lang/Object;)Ljava/lang/Object;' x2='java/util/Map' x3='java.util.Map put (Ljava/lang/Object;Ljava/lang/Object;)Ljava/lang/Object;' witness='org/springframework/validation/support/BindingAwareModelMap' stamp='17.660'/>
<dependency_failed type='unique_concrete_method_4' ctxk='java/util/LinkedHashMap' x='java.util.HashMap put (Ljava/lang/Object;Ljava/lang/Object;)Ljava/lang/Object;' x2='java/util/Map' x3='java.util.Map put (Ljava/lang/Object;Ljava/lang/Object;)Ljava/lang/Object;' witness='org/springframework/validation/support/BindingAwareModelMap' stamp='17.660'/>
<dependency_failed type='unique_concrete_method_4' ctxk='java/util/LinkedHashMap' x='java.util.HashMap put (Ljava/lang/Object;Ljava/lang/Object;)Ljava/lang/Object;' x2='java/util/LinkedHashMap' x3='java.util.HashMap put (Ljava/lang/Object;Ljava/lang/Object;)Ljava/lang/Object;' witness='org/springframework/validation/support/BindingAwareModelMap' stamp='17.660'/>
<dependency_failed type='unique_concrete_method_4' ctxk='org/springframework/core/MethodParameter' x='org.springframework.core.MethodParameter getParameterType ()Ljava/lang/Class;' x2='org/springframework/core/MethodParameter' x3='org.springframework.core.MethodParameter getParameterType ()Ljava/lang/Class;' witness='org/springframework/web/method/HandlerMethod$ReturnValueMethodParameter' stamp='17.859'/>
<dependency_failed type='unique_concrete_method_4' ctxk='org/hibernate/sql/results/graph/DomainResultCreationState' x='org.hibernate.loader.ast.internal.LoaderSqlAstCreationState getSqlAstCreationState ()Lorg/hibernate/sql/ast/spi/SqlAstCreationState;' x2='org/hibernate/sql/results/graph/DomainResultCreationState' x3='org.hibernate.sql.results.graph.DomainResultCreationState getSqlAstCreationState ()Lorg/hibernate/sql/ast/spi/SqlAstCreationState;' witness='org/hibernate/sql/results/graph/DomainResultCreationState' stamp='22.033'/>
<dependency_failed type='unique_concrete_method_4' ctxk='org/hibernate/sql/results/graph/DomainResultCreationState' x='org.hibernate.loader.ast.internal.LoaderSqlAstCreationState getSqlAstCreationState ()Lorg/hibernate/sql/ast/spi/SqlAstCreationState;' x2='org/hibernate/sql/results/graph/DomainResultCreationState' x3='org.hibernate.sql.results.graph.DomainResultCreationState getSqlAstCreationState ()Lorg/hibernate/sql/ast/spi/SqlAstCreationState;' witness='org/hibernate/sql/results/graph/DomainResultCreationState' stamp='22.033'/>
<dependency_failed type='unique_concrete_method_4' ctxk='org/hibernate/sql/ast/spi/FromClauseAccess' x='org.hibernate.sql.ast.spi.FromClauseAccess getTableGroup (Lorg/hibernate/spi/NavigablePath;)Lorg/hibernate/sql/ast/tree/from/TableGroup;' x2='org/hibernate/sql/ast/spi/FromClauseAccess' x3='org.hibernate.sql.ast.spi.FromClauseAccess getTableGroup (Lorg/hibernate/spi/NavigablePath;)Lorg/hibernate/sql/ast/tree/from/TableGroup;' witness='org/hibernate/sql/ast/spi/FromClauseAccess' stamp='22.033'/>
<dependency_failed type='unique_concrete_method_4' ctxk='org/hibernate/sql/ast/spi/FromClauseAccess' x='org.hibernate.sql.ast.spi.SimpleFromClauseAccessImpl findTableGroup (Lorg/hibernate/spi/NavigablePath;)Lorg/hibernate/sql/ast/tree/from/TableGroup;' x2='org/hibernate/sql/ast/spi/FromClauseAccess' x3='org.hibernate.sql.ast.spi.FromClauseAccess findTableGroup (Lorg/hibernate/spi/NavigablePath;)Lorg/hibernate/sql/ast/tree/from/TableGroup;' witness='org/hibernate/sql/ast/spi/FromClauseAccess' stamp='22.033'/>
<dependency_failed type='unique_concrete_method_4' ctxk='org/hibernate/sql/ast/spi/FromClauseAccess' x='org.hibernate.sql.ast.spi.SimpleFromClauseAccessImpl findTableGroup (Lorg/hibernate/spi/NavigablePath;)Lorg/hibernate/sql/ast/tree/from/TableGroup;' x2='org/hibernate/sql/ast/spi/FromClauseAccess' x3='org.hibernate.sql.ast.spi.FromClauseAccess findTableGroup (Lorg/hibernate/spi/NavigablePath;)Lorg/hibernate/sql/ast/tree/from/TableGroup;' witness='org/hibernate/sql/ast/spi/FromClauseAccess' stamp='22.033'/>
<dependency_failed type='unique_concrete_method_4' ctxk='org/hibernate/metamodel/mapping/ManagedMappingType' x='org.hibernate.metamodel.mapping.EntityMappingType findContainingEntityMapping ()Lorg/hibernate/metamodel/mapping/EntityMappingType;' x2='org/hibernate/metamodel/mapping/ManagedMappingType' x3='org.hibernate.metamodel.mapping.ManagedMappingType findContainingEntityMapping ()Lorg/hibernate/metamodel/mapping/EntityMappingType;' witness='org/hibernate/metamodel/mapping/ManagedMappingType' stamp='22.050'/>
<dependency_failed type='unique_concrete_method_4' ctxk='org/hibernate/metamodel/mapping/EntityMappingType' x='org.hibernate.persister.entity.AbstractEntityPersister getEntityPersister ()Lorg/hibernate/persister/entity/EntityPersister;' x2='org/hibernate/metamodel/mapping/EntityMappingType' x3='org.hibernate.metamodel.mapping.EntityMappingType getEntityPersister ()Lorg/hibernate/persister/entity/EntityPersister;' witness='org/hibernate/metamodel/mapping/EntityMappingType' stamp='22.050'/>
<dependency_failed type='unique_concrete_method_4' ctxk='org/hibernate/metamodel/mapping/EntityMappingType' x='org.hibernate.persister.entity.AbstractEntityPersister isTypeOrSuperType (Lorg/hibernate/metamodel/mapping/EntityMappingType;)Z' x2='org/hibernate/metamodel/mapping/EntityMappingType' x3='org.hibernate.metamodel.mapping.EntityMappingType isTypeOrSuperType (Lorg/hibernate/metamodel/mapping/EntityMappingType;)Z' witness='org/hibernate/metamodel/mapping/EntityMappingType' stamp='22.050'/>
<dependency_failed type='unique_concrete_method_4' ctxk='org/hibernate/metamodel/mapping/EntityMappingType' x='org.hibernate.persister.entity.AbstractEntityPersister isTypeOrSuperType (Lorg/hibernate/metamodel/mapping/EntityMappingType;)Z' x2='org/hibernate/metamodel/mapping/EntityMappingType' x3='org.hibernate.metamodel.mapping.EntityMappingType isTypeOrSuperType (Lorg/hibernate/metamodel/mapping/EntityMappingType;)Z' witness='org/hibernate/metamodel/mapping/EntityMappingType' stamp='22.050'/>
<dependency_failed type='unique_concrete_method_4' ctxk='org/hibernate/sql/ast/spi/SqlExpressionResolver' x='org.hibernate.sql.ast.spi.SqlExpressionResolver resolveSqlExpression (Lorg/hibernate/sql/ast/tree/from/TableReference;Lorg/hibernate/metamodel/mapping/SelectableMapping;)Lorg/hibernate/sql/ast/tree/expression/Expression;' x2='org/hibernate/sql/ast/spi/SqlExpressionResolver' x3='org.hibernate.sql.ast.spi.SqlExpressionResolver resolveSqlExpression (Lorg/hibernate/sql/ast/tree/from/TableReference;Lorg/hibernate/metamodel/mapping/SelectableMapping;)Lorg/hibernate/sql/ast/tree/expression/Expression;' witness='org/hibernate/sql/ast/spi/SqlExpressionResolver' stamp='27.913'/>
<dependency_failed type='unique_concrete_method_4' ctxk='org/hibernate/sql/ast/spi/SqlExpressionResolver' x='org.hibernate.query.sqm.sql.internal.SqlAstProcessingStateImpl resolveSqlExpression (Lorg/hibernate/sql/ast/spi/SqlExpressionResolver$ColumnReferenceKey;Ljava/util/function/Function;)Lorg/hibernate/sql/ast/tree/expression/Expression;' x2='org/hibernate/sql/ast/spi/SqlExpressionResolver' x3='org.hibernate.sql.ast.spi.SqlExpressionResolver resolveSqlExpression (Lorg/hibernate/sql/ast/spi/SqlExpressionResolver$ColumnReferenceKey;Ljava/util/function/Function;)Lorg/hibernate/sql/ast/tree/expression/Expression;' witness='org/hibernate/sql/ast/spi/SqlExpressionResolver' stamp='27.913'/>
<dependency_failed type='unique_concrete_method_4' ctxk='org/h2/result/SearchRow' x='org.h2.result.DefaultRow setValue (ILorg/h2/value/Value;)V' x2='org/h2/result/SearchRow' x3='org.h2.result.SearchRow setValue (ILorg/h2/value/Value;)V' witness='org/h2/result/SimpleRowValue' stamp='27.968'/>
<dependency_failed type='unique_concrete_method_4' ctxk='org/h2/result/SearchRow' x='org.h2.result.DefaultRow getValue (I)Lorg/h2/value/Value;' x2='org/h2/result/SearchRow' x3='org.h2.result.SearchRow getValue (I)Lorg/h2/value/Value;' witness='org/h2/result/SimpleRowValue' stamp='27.968'/>
<dependency_failed type='unique_concrete_method_4' ctxk='org/h2/result/SearchRow' x='org.h2.result.DefaultRow setValue (ILorg/h2/value/Value;)V' x2='org/h2/result/SearchRow' x3='org.h2.result.SearchRow setValue (ILorg/h2/value/Value;)V' witness='org/h2/result/SimpleRowValue' stamp='27.968'/>
<dependency_failed type='unique_concrete_method_4' ctxk='org/h2/result/SearchRow' x='org.h2.result.DefaultRow setValue (ILorg/h2/value/Value;)V' x2='org/h2/result/SearchRow' x3='org.h2.result.SearchRow setValue (ILorg/h2/value/Value;)V' witness='org/h2/result/SimpleRowValue' stamp='27.968'/>
<dependency_failed type='unique_concrete_method_4' ctxk='org/h2/result/SearchRow' x='org.h2.result.DefaultRow getValue (I)Lorg/h2/value/Value;' x2='org/h2/result/SearchRow' x3='org.h2.result.SearchRow getValue (I)Lorg/h2/value/Value;' witness='org/h2/result/SimpleRowValue' stamp='27.973'/>
<dependency_failed type='unique_concrete_method_4' ctxk='org/h2/value/Value' x='org.h2.value.Value compareWithNull (Lorg/h2/value/Value;ZLorg/h2/engine/CastDataProvider;Lorg/h2/value/CompareMode;)I' x2='org/h2/value/Value' x3='org.h2.value.Value compareWithNull (Lorg/h2/value/Value;ZLorg/h2/engine/CastDataProvider;Lorg/h2/value/CompareMode;)I' witness='org/h2/value/ValueRow' stamp='55.159'/>
<dependency_failed type='leaf_type' ctxk='org/springframework/aop/framework/ReflectiveMethodInvocation' witness='org/springframework/aop/framework/CglibAopProxy$CglibMethodInvocation' stamp='89.381'/>
<dependency_failed type='unique_concrete_method_4' ctxk='org/h2/mvstore/tx/TransactionMap$TMIterator' x='org.h2.mvstore.tx.TransactionMap$CommittedIterator fetchNext ()Ljava/lang/Object;' x2='org/h2/mvstore/tx/TransactionMap$TMIterator' x3='org.h2.mvstore.tx.TransactionMap$TMIterator fetchNext ()Ljava/lang/Object;' witness='org/h2/mvstore/tx/TransactionMap$UncommittedIterator' stamp='89.418'/>
<dependency_failed type='unique_concrete_method_4' ctxk='org/h2/mvstore/tx/TransactionMap$TMIterator' x='org.h2.mvstore.tx.TransactionMap$CommittedIterator fetchNext ()Ljava/lang/Object;' x2='org/h2/mvstore/tx/TransactionMap$TMIterator' x3='org.h2.mvstore.tx.TransactionMap$TMIterator fetchNext ()Ljava/lang/Object;' witness='org/h2/mvstore/tx/TransactionMap$UncommittedIterator' stamp='89.418'/>
<dependency_failed type='leaf_type' ctxk='net/bytebuddy/TypeCache$SimpleKey' witness='org/mockito/internal/creation/bytebuddy/TypeCachingBytecodeGenerator$MockitoMockKey' stamp='109.430'/>
<dependency_failed type='abstract_with_unique_concrete_subtype' ctxk='net/bytebuddy/implementation/Implementation$Context$ExtractableView$AbstractBase' x='net/bytebuddy/implementation/Implementation$Context$Default' witness='net/bytebuddy/implementation/Implementation$Context$Disabled' stamp='109.475'/>
<dependency_failed type='abstract_with_unique_concrete_subtype' ctxk='net/bytebuddy/implementation/Implementation$Context$ExtractableView$AbstractBase' x='net/bytebuddy/implementation/Implementation$Context$Default' witness='net/bytebuddy/implementation/Implementation$Context$Disabled' stamp='109.475'/>
<dependency_failed type='abstract_with_unique_concrete_subtype' ctxk='net/bytebuddy/implementation/Implementation$Context$ExtractableView$AbstractBase' x='net/bytebuddy/implementation/Implementation$Context$Default' witness='net/bytebuddy/implementation/Implementation$Context$Disabled' stamp='109.475'/>
<dependency_failed type='unique_concrete_method_4' ctxk='net/bytebuddy/implementation/Implementation$Context' x='net.bytebuddy.implementation.Implementation$Context$Default cache (Lnet/bytebuddy/implementation/bytecode/StackManipulation;Lnet/bytebuddy/description/type/TypeDescription;)Lnet/bytebuddy/description/field/FieldDescription$InDefinedShape;' x2='net/bytebuddy/implementation/Implementation$Context' x3='net.bytebuddy.implementation.Implementation$Context cache (Lnet/bytebuddy/implementation/bytecode/StackManipulation;Lnet/bytebuddy/description/type/TypeDescription;)Lnet/bytebuddy/description/field/FieldDescription$InDefinedShape;' witness='net/bytebuddy/implementation/Implementation$Context$Disabled' stamp='109.482'/>
<dependency_failed type='unique_concrete_method_4' ctxk='net/bytebuddy/implementation/Implementation$Context$ExtractableView' x='net.bytebuddy.implementation.Implementation$Context$Default drain (Lnet/bytebuddy/dynamic/scaffold/TypeInitializer$Drain;Lnet/bytebuddy/jar/asm/ClassVisitor;Lnet/bytebuddy/implementation/attribute/AnnotationValueFilter$Factory;)V' x2='net/bytebuddy/implementation/Implementation$Context$ExtractableView' x3='net.bytebuddy.implementation.Implementation$Context$ExtractableView drain (Lnet/bytebuddy/dynamic/scaffold/TypeInitializer$Drain;Lnet/bytebuddy/jar/asm/ClassVisitor;Lnet/bytebuddy/implementation/attribute/AnnotationValueFilter$Factory;)V' witness='net/bytebuddy/implementation/Implementation$Context$Disabled' stamp='109.482'/>
<dependency_failed type='abstract_with_unique_concrete_subtype' ctxk='net/bytebuddy/description/method/ParameterDescription$ForLoadedParameter' x='net/bytebuddy/description/method/ParameterDescription$ForLoadedParameter$OfMethod' witness='net/bytebuddy/description/method/ParameterDescription$ForLoadedParameter$OfConstructor' stamp='109.743'/>
<dependency_failed type='abstract_with_unique_concrete_subtype' ctxk='net/bytebuddy/description/method/ParameterDescription$ForLoadedParameter' x='net/bytebuddy/description/method/ParameterDescription$ForLoadedParameter$OfMethod' witness='net/bytebuddy/description/method/ParameterDescription$ForLoadedParameter$OfConstructor' stamp='109.743'/>
<dependency_failed type='abstract_with_unique_concrete_subtype' ctxk='net/bytebuddy/description/method/ParameterDescription$ForLoadedParameter' x='net/bytebuddy/description/method/ParameterDescription$ForLoadedParameter$OfMethod' witness='net/bytebuddy/description/method/ParameterDescription$ForLoadedParameter$OfConstructor' stamp='109.743'/>
<dependency_failed type='abstract_with_unique_concrete_subtype' ctxk='net/bytebuddy/description/method/ParameterDescription$ForLoadedParameter' x='net/bytebuddy/description/method/ParameterDescription$ForLoadedParameter$OfMethod' witness='net/bytebuddy/description/method/ParameterDescription$ForLoadedParameter$OfConstructor' stamp='109.743'/>
<dependency_failed type='abstract_with_unique_concrete_subtype' ctxk='net/bytebuddy/description/method/ParameterDescription$ForLoadedParameter' x='net/bytebuddy/description/method/ParameterDescription$ForLoadedParameter$OfMethod' witness='net/bytebuddy/description/method/ParameterDescription$ForLoadedParameter$OfConstructor' stamp='109.743'/>
<dependency_failed type='unique_concrete_method_4' ctxk='java/util/stream/AbstractPipeline' x='java.util.stream.AbstractPipeline exactOutputSize (J)J' x2='java/util/stream/AbstractPipeline' x3='java.util.stream.AbstractPipeline exactOutputSize (J)J' witness='java/util/stream/SliceOps$1' stamp='111.257'/>
<dependency_failed type='unique_concrete_method_4' ctxk='jakarta/persistence/Query' x='org.hibernate.query.sqm.internal.QuerySqmImpl unwrap (Ljava/lang/Class;)Ljava/lang/Object;' x2='jakarta/persistence/Query' x3='jakarta.persistence.Query unwrap (Ljava/lang/Class;)Ljava/lang/Object;' witness='jakarta/persistence/Query' stamp='119.161'/>
<dependency_failed type='unique_concrete_method_4' ctxk='org/hibernate/sql/results/graph/BiDirectionalFetch' x='org.hibernate.sql.results.internal.domain.CircularFetchImpl getFetchedMapping ()Lorg/hibernate/sql/results/graph/Fetchable;' x2='org/hibernate/sql/results/graph/BiDirectionalFetch' x3='org.hibernate.sql.results.graph.BiDirectionalFetch getFetchedMapping ()Lorg/hibernate/sql/results/graph/Fetchable;' witness='org/hibernate/sql/results/graph/BiDirectionalFetch' stamp='119.488'/>
<dependency_failed type='unique_concrete_method_4' ctxk='org/hibernate/persister/entity/mutation/UpdateCoordinatorStandard$DirtinessChecker' x='org.hibernate.persister.entity.mutation.UpdateCoordinatorStandard$$Lambda/0x00000217818211d8 isDirty (ILorg/hibernate/metamodel/mapping/AttributeMapping;)Lorg/hibernate/persister/entity/mutation/AttributeAnalysis$DirtynessStatus;' x2='org/hibernate/persister/entity/mutation/UpdateCoordinatorStandard$DirtinessChecker' x3='org.hibernate.persister.entity.mutation.UpdateCoordinatorStandard$DirtinessChecker isDirty (ILorg/hibernate/metamodel/mapping/AttributeMapping;)Lorg/hibernate/persister/entity/mutation/AttributeAnalysis$DirtynessStatus;' witness='org/hibernate/persister/entity/mutation/UpdateCoordinatorStandard$DirtinessChecker' stamp='119.587'/>
<dependency_failed type='unique_concrete_method_4' ctxk='org/gradle/internal/remote/internal/hub/protocol/InterHubMessage' x='org.gradle.internal.remote.internal.hub.protocol.ChannelMessage getDelivery ()Lorg/gradle/internal/remote/internal/hub/protocol/InterHubMessage$Delivery;' x2='org/gradle/internal/remote/internal/hub/protocol/InterHubMessage' x3='org.gradle.internal.remote.internal.hub.protocol.InterHubMessage getDelivery ()Lorg/gradle/internal/remote/internal/hub/protocol/InterHubMessage$Delivery;' witness='org/gradle/internal/remote/internal/hub/protocol/EndOfStream' stamp='120.060'/>
<statistics type='deoptimization'>
Deoptimization traps recorded:
  1332 (100.0%) total
           null_check/make_not_entrant/nop: 27 (2.0%)
              range_check/reinterpret/ifge: 1 (0.1%)
           class_check/maybe_recompile/nop: 246 (18.5%)
  class_check/make_not_entrant/invokestatic: 1 (0.1%)
       array_check/maybe_recompile/aastore: 87 (6.5%)
  intrinsic_or_type_checked_inlining/make_not_entrant/invokestatic: 2 (0.2%)
  bimorphic_or_optimized_type_check/maybe_recompile/nop: 123 (9.2%)
     profile_predicate/maybe_recompile/nop: 96 (7.2%)
                  unloaded/reinterpret/new: 1 (0.1%)
                       constraint/none/nop: 377 (28.3%)
             predicate/maybe_recompile/nop: 11 (0.8%)
  speculate_class_check/maybe_recompile/nop: 12 (0.9%)
  speculate_null_assert/make_not_entrant/nop: 10 (0.8%)
               unstable_if/reinterpret/nop: 333 (25.0%)
         unstable_fused_if/reinterpret/nop: 5 (0.4%)
</statistics>
<tty_done stamp='123.342'/>
</tty>
<hotspot_log_done stamp='123.342'/>
</hotspot_log>
